Generation 0, red
---------------------------------
   00|01|02|03|04|05|06|07|08|09|
00: R|  |  |  | *| R| F| R|  | R|
01: R|  |  | F| *|  |  | *|  |  |
02:  | R| *| *|  | R| *| F|  | F|
03:  | R| *| R| *|  |  |  |  |  |
04:  |  |  | *|  |  | *|  | *|  |
05:  | R|  | R|  |  | F|  |  | R|
06:  |  | *| *| R|  |  |  |  |  |
07:  |  | R|  |  | *|  |  | *|  |
---------------------------------
Generation 1, red
---------------------------------
   00|01|02|03|04|05|06|07|08|09|
00:  | R|  |  | *| R|  | F|  | R|
01: R|  | F|  | *|  |  | *|  |  |
02:  | R| *| *|  | R| *| F|  | F|
03: R|  | *| R| *|  |  |  |  |  |
04:  |  |  | *|  |  | *|  | *|  |
05: R|  | R|  |  |  | F|  | R|  |
06:  |  | *| *|  | R|  |  |  |  |
07:  |  | R|  |  | *|  |  | *|  |
---------------------------------
Generation 1, black
---------------------------------
   00|01|02|03|04|05|06|07|08|09|
00:  | R|  |  | *|  |  | F| R|  |
01:  | R| F|  | *| R|  | *|  |  |
02:  |  | *| *|  |  | *|  | F|  |
03: R|  | *| R| *| R|  | F|  |  |
04:  |  |  | *|  |  | *|  | *|  |
05: R|  | R|  |  | F|  |  | R|  |
06:  |  | *| *|  | R|  |  |  |  |
07:  |  |  | R|  | *|  |  | *|  |
---------------------------------
Generation 2, red
---------------------------------
   00|01|02|03|04|05|06|07|08|09|
00:  | R|  |  | *| R|  | F|  | R|
01: R|  | F|  | *|  |  | *| F|  |
02:  |  | *| *|  |  | *|  |  |  |
03: R|  | *| R| *|  |  |  | F|  |
04:  |  |  | *|  | R| *|  | *|  |
05: R|  | R|  |  |  |  |  | R|  |
06:  |  | *| *|  | F|  |  |  |  |
07:  |  | R|  |  | *|  |  | *|  |
---------------------------------
Generation 2, black
---------------------------------
   00|01|02|03|04|05|06|07|08|09|
00:  |  | F|  | *| R| F|  |  | R|
01: R| R|  |  | *|  |  | *| F|  |
02: R|  | *| *|  |  | *|  |  |  |
03:  |  | *| R| *|  |  |  | F|  |
04:  |  |  | *|  | R| *|  | *|  |
05:  |  |  | R|  |  |  |  |  |  |
06: R|  | *| *|  | F|  |  | R|  |
07:  |  | R|  |  | *|  |  | *|  |
---------------------------------
Generation 3, red
---------------------------------
   00|01|02|03|04|05|06|07|08|09|
00:  | F|  |  | *| F|  |  |  | R|
01: R|  |  |  | *|  |  | *| F|  |
02:  | R| *| *|  |  | *|  |  |  |
03:  |  | *| R| *|  |  |  | F|  |
04:  |  |  | *|  | R| *|  | *|  |
05: R|  | R|  |  |  |  |  |  |  |
06:  |  | *| *|  | F|  | R|  |  |
07:  |  | R|  |  | *|  |  | *|  |
---------------------------------
Generation 3, black
---------------------------------
   00|01|02|03|04|05|06|07|08|09|
00:  | F|  |  | *| F|  |  | F|  |
01:  | R|  |  | *|  |  | *|  |  |
02:  | R| *| *|  |  | *|  |  |  |
03:  |  | *| R| *| R|  | F|  |  |
04:  |  |  | *|  |  | *|  | *|  |
05: R|  | R|  |  |  |  |  |  |  |
06:  |  | *| *| F|  |  | R|  |  |
07:  |  |  | R|  | *|  |  | *|  |
---------------------------------
Generation 4, red
---------------------------------
   00|01|02|03|04|05|06|07|08|09|
00:  | F|  |  | *| F|  | F|  |  |
01: R| R|  |  | *|  |  | *|  |  |
02:  | R| *| *|  |  | *|  |  |  |
03:  |  | *| R| *| R|  |  | F|  |
04:  |  |  | *|  | R| *|  | *|  |
05: R|  | R|  |  |  |  |  |  |  |
06:  |  | *| *|  | F|  | R|  |  |
07:  |  | R| R|  | *|  |  | *|  |
---------------------------------
Generation 4, black
---------------------------------
   00|01|02|03|04|05|06|07|08|09|
00:  |  |  |  | *|  |  | F|  |  |
01: R| F|  |  | *| F|  | *|  |  |
02: R| R| *| *|  |  | *|  |  |  |
03:  |  | *| R| *| R|  |  | F|  |
04:  |  |  | *|  | R| *|  | *|  |
05: R|  | R| R|  |  |  |  |  |  |
06: R|  | *| *|  | F| R| R|  |  |
07:  |  | R| R|  | *|  |  | *|  |
---------------------------------
Generation 5, red
---------------------------------
   00|01|02|03|04|05|06|07|08|09|
00:  |  |  |  | *| F|  | F|  |  |
01: F|  |  |  | *|  |  | *|  |  |
02:  | R| *| *|  |  | *|  |  |  |
03: R|  | *| R| *|  | R|  | F|  |
04:  |  |  | *|  | R| *|  | *|  |
05: R|  | R|  | R|  | R|  |  |  |
06:  | R| *| *|  | F|  | R|  |  |
07:  |  | R|  | R| *|  |  | *|  |
---------------------------------
Generation 5, black
---------------------------------
   00|01|02|03|04|05|06|07|08|09|
00:  |  |  |  | *| F| F|  |  |  |
01: F| R|  |  | *|  |  | *|  |  |
02:  |  | *| *|  |  | *|  |  |  |
03: R|  | *| R| *| R| R|  |  |  |
04:  |  |  | *|  |  | *|  | *|  |
05:  |  |  | R| R|  | R|  |  |  |
06: R| R| *| *| F|  | R|  |  |  |
07:  |  |  | R| R| *|  |  | *|  |
---------------------------------
Generation 6, red
---------------------------------
   00|01|02|03|04|05|06|07|08|09|
00:  |  |  |  | *| F|  | F|  |  |
01: F|  |  |  | *|  |  | *|  |  |
02:  | R| *| *|  |  | *|  |  |  |
03: R|  | *| R| *|  | R|  |  |  |
04:  |  |  | *|  | R| *|  | *|  |
05: R|  | R|  | F|  | R|  |  |  |
06:  | R| *| *|  |  |  | R|  |  |
07:  |  | R|  | R| *|  |  | *|  |
---------------------------------
Generation 6, black
---------------------------------
   00|01|02|03|04|05|06|07|08|09|
00:  |  |  |  | *|  |  | F|  |  |
01:  | F|  |  | *| F|  | *|  |  |
02: R| R| *| *|  |  | *|  |  |  |
03:  |  | *| R| *|  |  | R|  |  |
04:  |  |  | *|  | R| *|  | *|  |
05: R|  | R|  | F| R|  |  |  |  |
06:  |  | *| *| R|  |  | R|  |  |
07:  | R| R|  |  | *|  |  | *|  |
---------------------------------
Generation 7, red
---------------------------------
   00|01|02|03|04|05|06|07|08|09|
00:  |  |  |  | *| F|  | F|  |  |
01: R|  |  |  | *|  |  | *|  |  |
02:  | F| *| *|  |  | *|  |  |  |
03:  |  | *| R| *|  |  |  | R|  |
04:  |  |  | *|  | R| *|  | *|  |
05: R|  | R|  | F|  |  |  |  |  |
06:  |  | *| *|  | R|  | R|  |  |
07: R|  | R|  |  | *|  |  | *|  |
---------------------------------
Generation 7, black
---------------------------------
   00|01|02|03|04|05|06|07|08|09|
00:  |  |  |  | *| F| F|  |  |  |
01: R|  |  |  | *|  |  | *|  |  |
02:  | F| *| *|  |  | *|  |  |  |
03:  |  | *| R| *| R|  |  | R|  |
04:  |  |  | *|  |  | *|  | *|  |
05:  |  |  | R|  |  |  |  |  |  |
06: R|  | *| *| F| R| R|  |  |  |
07: R|  |  | R|  | *|  |  | *|  |
---------------------------------
Generation 8, red
---------------------------------
   00|01|02|03|04|05|06|07|08|09|
00:  |  |  |  | *| F|  | F|  |  |
01: R|  |  |  | *|  |  | *|  |  |
02:  | F| *| *|  |  | *|  |  |  |
03:  |  | *| R| *| R|  |  | R|  |
04:  |  |  | *|  | R| *|  | *|  |
05: R|  | R| R|  |  | R|  |  |  |
06: R|  | *| *|  | F| R|  |  |  |
07: R|  | R| R|  | *|  |  | *|  |
---------------------------------
Generation 8, black
---------------------------------
   00|01|02|03|04|05|06|07|08|09|
00:  |  |  |  | *|  |  |  |  |  |
01: R| F|  |  | *|  |  | *|  |  |
02:  |  | *| *|  |  | *|  |  |  |
03:  |  | *| R| *| R|  | R| R|  |
04:  |  |  | *|  | R| *|  | *|  |
05: R|  | R| R|  |  | R|  |  |  |
06: R|  | *| *|  | F| R|  |  |  |
07: R| R| R| R|  | *|  |  | *|  |
---------------------------------
Generation 9, red
---------------------------------
   00|01|02|03|04|05|06|07|08|09|
00:  |  |  |  | *|  |  |  |  |  |
01: F|  |  |  | *|  |  | *|  |  |
02:  |  | *| *|  |  | *|  |  |  |
03:  |  | *| R| *|  | R|  | R|  |
04:  |  |  | *|  | R| *| R| *|  |
05: R|  | R|  | R|  | R|  |  |  |
06:  | R| *| *|  | F|  | R|  |  |
07: R|  | R|  | R| *|  |  | *|  |
---------------------------------
Generation 9, black
---------------------------------
   00|01|02|03|04|05|06|07|08|09|
00:  |  |  |  | *|  |  |  |  |  |
01: F|  |  |  | *|  |  | *|  |  |
02:  |  | *| *|  |  | *|  |  |  |
03:  |  | *| R| *| R| R| R|  |  |
04:  |  |  | *|  |  | *| R| *|  |
05:  |  |  | R| R| R|  |  |  |  |
06: R| R| *| *| F|  |  | R|  |  |
07:  |  |  | R| R| *|  |  | *|  |
---------------------------------
Generation 10, red
---------------------------------
   00|01|02|03|04|05|06|07|08|09|
00:  |  |  |  | *|  |  |  |  |  |
01: F|  |  |  | *|  |  | *|  |  |
02:  |  | *| *|  |  | *|  |  |  |
03:  |  | *| R| *|  | R|  | R|  |
04:  |  |  | *|  | R| *| R| *|  |
05: R|  | R|  | F|  | R|  |  |  |
06:  | R| *| *| F|  |  | R|  |  |
07:  |  | R|  | R| *|  |  | *|  |
---------------------------------
Generation 10, black
---------------------------------
   00|01|02|03|04|05|06|07|08|09|
00:  |  |  |  | *|  |  |  |  |  |
01: F| F|  |  | *|  |  | *|  |  |
02:  |  | *| *|  |  | *|  |  |  |
03:  |  | *| R| *|  |  | R| R|  |
04:  |  |  | *|  | R| *|  | *|  |
05: R|  | R|  | F|  | R| R|  |  |
06:  |  | *| *| F|  | R|  |  |  |
07:  | R| R| R|  | *|  |  | *|  |
---------------------------------
Generation 11, red
---------------------------------
   00|01|02|03|04|05|06|07|08|09|
00:  |  |  |  | *|  |  |  |  |  |
01: F|  |  |  | *|  |  | *|  |  |
02:  | F| *| *|  |  | *|  |  |  |
03:  |  | *| R| *|  |  |  | R|  |
04:  |  |  | *|  | R| *| R| *|  |
05: R|  | R|  | F|  | R|  |  |  |
06:  |  | *| *|  | F|  | R|  |  |
07: R|  | R|  | R| *|  |  | *|  |
---------------------------------
Generation 11, black
---------------------------------
   00|01|02|03|04|05|06|07|08|09|
00:  |  |  |  | *|  |  |  |  |  |
01:  | F|  |  | *|  |  | *|  |  |
02:  | F| *| *|  |  | *|  |  |  |
03:  |  | *| R| *| R|  | R|  |  |
04:  |  |  | *|  |  | *| R| *|  |
05:  |  |  | R|  | R|  |  |  |  |
06: R|  | *| *| F| F|  | R|  |  |
07: R|  |  | R| R| *|  |  | *|  |
---------------------------------
Generation 12, red
---------------------------------
   00|01|02|03|04|05|06|07|08|09|
00:  |  |  |  | *|  |  |  |  |  |
01: F|  |  |  | *|  |  | *|  |  |
02:  | F| *| *|  |  | *|  |  |  |
03:  |  | *| R| *| R|  | R| R|  |
04:  |  |  | *|  | R| *| R| *|  |
05: R|  | R| R|  | R| R|  |  |  |
06: R|  | *| *|  | F|  | R|  |  |
07: R|  | R| R| F| *|  |  | *|  |
---------------------------------
Generation 12, black
---------------------------------
   00|01|02|03|04|05|06|07|08|09|
00:  |  |  |  | *|  |  |  |  |  |
01: F| F|  |  | *|  |  | *|  |  |
02:  |  | *| *|  |  | *|  |  |  |
03:  |  | *| R| *| R|  | R| R|  |
04:  |  |  | *|  | R| *| R| *|  |
05: R|  | R| R|  | F| R| R|  |  |
06: R|  | *| *|  |  | R| R|  |  |
07: R| R| R| R| F| *|  |  | *|  |
---------------------------------
Generation 13, red
---------------------------------
   00|01|02|03|04|05|06|07|08|09|
00:  |  |  |  | *|  |  |  |  |  |
01: F|  |  |  | *|  |  | *|  |  |
02:  | F| *| *|  |  | *|  |  |  |
03:  |  | *| R| *|  | R|  | R|  |
04:  |  |  | *|  | R| *| R| *|  |
05: R|  | R|  | R|  | F|  | R|  |
06:  | R| *| *|  |  |  | R|  |  |
07: R|  | R| R| F| *| R|  | *|  |
---------------------------------
Generation 13, black
---------------------------------
   00|01|02|03|04|05|06|07|08|09|
00:  |  |  |  | *|  |  |  |  |  |
01:  | F|  |  | *|  |  | *|  |  |
02:  | F| *| *|  |  | *|  |  |  |
03:  |  | *| R| *| R| R| R|  |  |
04:  |  |  | *|  |  | *|  | *|  |
05:  |  |  | R| R|  | F| R| R|  |
06: R| R| *| *|  |  | R|  |  |  |
07:  | R|  | F|  | *| R|  | *|  |
---------------------------------
Generation 14, red
---------------------------------
   00|01|02|03|04|05|06|07|08|09|
00:  |  |  |  | *|  |  |  |  |  |
01: F|  |  |  | *|  |  | *|  |  |
02:  | F| *| *|  |  | *|  |  |  |
03:  |  | *| R| *|  | R|  | R|  |
04:  |  |  | *|  | R| *|  | *|  |
05: R|  | R|  | R|  | F|  | R|  |
06:  | R| *| *|  |  |  | R|  |  |
07: R|  | F|  |  | *| R|  | *|  |
---------------------------------
Generation 14, black
---------------------------------
   00|01|02|03|04|05|06|07|08|09|
00:  |  |  |  | *|  |  |  |  |  |
01: F|  |  |  | *|  |  | *|  |  |
02:  |  | *| *|  |  | *|  |  |  |
03:  |  | *| R| *|  |  | R| R|  |
04:  |  |  | *|  | R| *|  | *|  |
05: R|  | R|  |  | F|  |  |  |  |
06:  |  | *| *| R|  | R| R| R|  |
07: R| R| F|  |  | *|  |  | *|  |
---------------------------------
Generation 15, red
---------------------------------
   00|01|02|03|04|05|06|07|08|09|
00:  |  |  |  | *|  |  |  |  |  |
01: F|  |  |  | *|  |  | *|  |  |
02:  |  | *| *|  |  | *|  |  |  |
03:  |  | *| R| *|  |  |  | R|  |
04:  |  |  | *|  | F| *| R| *|  |
05: R|  | R|  |  |  | R|  | R|  |
06:  | R| *| *|  | R|  | R|  |  |
07: R|  | F|  |  | *|  |  | *|  |
---------------------------------
Generation 15, black
---------------------------------
   00|01|02|03|04|05|06|07|08|09|
00:  |  |  |  | *|  |  |  |  |  |
01:  |  |  |  | *|  |  | *|  |  |
02:  |  | *| *|  |  | *|  |  |  |
03:  |  | *| R| *|  |  | R|  |  |
04:  |  |  | *|  | F| *| R| *|  |
05:  |  |  | R|  |  | R|  | R|  |
06: R| R| *| *|  | R| R|  |  |  |
07:  |  |  | F|  | *|  |  | *|  |
---------------------------------
Generation 16, red
---------------------------------
   00|01|02|03|04|05|06|07|08|09|
00:  |  |  |  | *|  |  |  |  |  |
01:  |  |  |  | *|  |  | *|  |  |
02:  |  | *| *|  |  | *|  |  |  |
03:  |  | *| R| *|  |  | R| R|  |
04:  |  |  | *|  | F| *| R| *|  |
05: R|  | R| R|  |  | R|  | R|  |
06: R| R| *| *|  | R| R| R|  |  |
07:  |  | F|  |  | *|  |  | *|  |
---------------------------------
Generation 16, black
---------------------------------
   00|01|02|03|04|05|06|07|08|09|
00:  |  |  |  | *|  |  |  |  |  |
01:  |  |  |  | *|  |  | *|  |  |
02:  |  | *| *|  |  | *|  |  |  |
03:  |  | *| R| *| F|  | R| R|  |
04:  |  |  | *|  |  | *| R| *|  |
05: R|  | R| R|  |  | R| R| R|  |
06: R| R| *| *| R| R| R| R| R|  |
07:  | R| F|  |  | *|  |  | *|  |
---------------------------------
Generation 17, red
---------------------------------
   00|01|02|03|04|05|06|07|08|09|
00:  |  |  |  | *|  |  |  |  |  |
01:  |  |  |  | *|  |  | *|  |  |
02:  |  | *| *|  |  | *|  |  |  |
03:  |  | *| R| *|  | R|  | R|  |
04:  |  |  | *|  | F| *| R| *|  |
05: R|  | R|  | R|  | R| R| R|  |
06:  | R| *| *|  | R|  | R|  | R|
07: R|  | F|  |  | *| R|  | *|  |
---------------------------------
Generation 17, black
---------------------------------
   00|01|02|03|04|05|06|07|08|09|
00:  |  |  |  | *|  |  |  |  |  |
01:  |  |  |  | *|  |  | *|  |  |
02:  |  | *| *|  |  | *|  |  |  |
03:  |  | *| R| *|  | R| R|  |  |
04:  |  |  | *|  | F| *|  | *|  |
05:  |  |  | R| R|  |  | R|  | R|
06: R|  | *| *| R|  | R|  |  | R|
07: R| R|  | F|  | *| R| R| *|  |
---------------------------------
Generation 18, red
---------------------------------
   00|01|02|03|04|05|06|07|08|09|
00:  |  |  |  | *|  |  |  |  |  |
01:  |  |  |  | *|  |  | *|  |  |
02:  |  | *| *|  |  | *|  |  |  |
03:  |  | *| R| *|  | R|  | R|  |
04:  |  |  | *|  | F| *|  | *|  |
05: R|  | R|  | R|  | R|  | R|  |
06:  |  | *| *|  | R|  | R|  | R|
07: R|  | F|  |  | *| R|  | *|  |
---------------------------------
Generation 18, black
---------------------------------
   00|01|02|03|04|05|06|07|08|09|
00:  |  |  |  | *|  |  |  |  |  |
01:  |  |  |  | *|  |  | *|  |  |
02:  |  | *| *|  |  | *|  |  |  |
03:  |  | *| R| *| F|  | R| R|  |
04:  |  |  | *|  |  | *|  | *|  |
05: R|  | R|  |  |  | R|  | R| R|
06: R|  | *| *| R| R| R| R|  |  |
07:  |  | F|  |  | *|  |  | *|  |
---------------------------------
Generation 19, red
---------------------------------
   00|01|02|03|04|05|06|07|08|09|
00:  |  |  |  | *|  |  |  |  |  |
01:  |  |  |  | *|  |  | *|  |  |
02:  |  | *| *|  |  | *|  |  |  |
03:  |  | *| R| *|  |  |  | R|  |
04:  |  |  | *|  | F| *| R| *|  |
05: R|  | R|  | R|  | R|  | R|  |
06:  | R| *| *|  | R|  | R|  | R|
07:  |  | F|  |  | *| R|  | *|  |
---------------------------------
Generation 19, black
---------------------------------
   00|01|02|03|04|05|06|07|08|09|
00:  |  |  |  | *|  |  |  |  |  |
01:  |  |  |  | *|  |  | *|  |  |
02:  |  | *| *|  |  | *|  |  |  |
03:  |  | *| R| *|  |  | R|  |  |
04:  |  |  | *|  | F| *| R| *|  |
05:  |  |  | R| R| R|  |  |  |  |
06: R| R| *| *| R|  | R|  | R| R|
07:  |  |  | F|  | *| R|  | *|  |
---------------------------------
Generation 20, red
---------------------------------
   00|01|02|03|04|05|06|07|08|09|
00:  |  |  |  | *|  |  |  |  |  |
01:  |  |  |  | *|  |  | *|  |  |
02:  |  | *| *|  |  | *|  |  |  |
03:  |  | *| R| *|  |  | R| R|  |
04:  |  |  | *|  | F| *| R| *|  |
05: R|  | R| R| R| R| R|  | R|  |
06: R| R| *| *| R| R| R|  | R| R|
07:  |  | F| F|  | *| R|  | *|  |
---------------------------------
Generation 20, black
---------------------------------
   00|01|02|03|04|05|06|07|08|09|
00:  |  |  |  | *|  |  |  |  |  |
01:  |  |  |  | *|  |  | *|  |  |
02:  |  | *| *|  |  | *|  |  |  |
03:  |  | *| R| *|  |  | R| R|  |
04:  |  |  | *| R| F| *| R| *|  |
05: R|  | R| R| R| F| R| R| R|  |
06: R| R| *| *| R| R| R|  | R| R|
07:  | R| F| F|  | *| R| R| *| R|
---------------------------------
Generation 21, red
---------------------------------
   00|01|02|03|04|05|06|07|08|09|
00:  |  |  |  | *|  |  |  |  |  |
01:  |  |  |  | *|  |  | *|  |  |
02:  |  | *| *|  |  | *|  |  |  |
03:  |  | *| R| *|  | R|  | R|  |
04:  |  |  | *| R| F| *| R| *|  |
05: R|  | R| R| R|  | R|  | R|  |
06:  | R| *| *|  | F|  | R|  | R|
07: R|  | F|  | F| *| R|  | *| R|
---------------------------------
Generation 21, black
---------------------------------
   00|01|02|03|04|05|06|07|08|09|
00:  |  |  |  | *|  |  |  |  |  |
01:  |  |  |  | *|  |  | *|  |  |
02:  |  | *| *|  |  | *|  |  |  |
03:  |  | *| R| *|  | R| R|  |  |
04:  |  | R| *| F|  | *|  | *|  |
05:  |  |  | R|  | R|  | R|  |  |
06: R|  | *| *|  | F| R| R| R|  |
07: R| R|  | F| F| *|  |  | *| R|
---------------------------------
Generation 22, red
---------------------------------
   00|01|02|03|04|05|06|07|08|09|
00:  |  |  |  | *|  |  |  |  |  |
01:  |  |  |  | *|  |  | *|  |  |
02:  |  | *| *|  |  | *|  |  |  |
03:  |  | *| R| *|  | R|  | R|  |
04:  |  |  | *|  | F| *| R| *|  |
05: R|  | R|  |  |  | R|  | R|  |
06:  |  | *| *|  | F|  | R|  | R|
07: R|  | F|  | F| *|  |  | *|  |
---------------------------------
Generation 22, black
---------------------------------
   00|01|02|03|04|05|06|07|08|09|
00:  |  |  |  | *|  |  |  |  |  |
01:  |  |  |  | *|  |  | *|  |  |
02:  |  | *| *|  |  | *|  |  |  |
03:  |  | *| R| *|  |  | R| R|  |
04:  |  |  | *|  | F| *| R| *|  |
05: R|  | R|  |  |  | R|  | R|  |
06: R|  | *| *| F|  | R|  |  | R|
07:  |  | F|  |  | *|  |  | *|  |
---------------------------------
Generation 23, red
---------------------------------
   00|01|02|03|04|05|06|07|08|09|
00:  |  |  |  | *|  |  |  |  |  |
01:  |  |  |  | *|  |  | *|  |  |
02:  |  | *| *|  |  | *|  |  |  |
03:  |  | *| R| *|  | R|  | R|  |
04:  |  |  | *|  | F| *| R| *|  |
05: R|  | R|  |  |  | R|  | R|  |
06:  | R| *| *|  | F|  | R|  | R|
07:  |  | F|  |  | *|  |  | *|  |
---------------------------------
Generation 23, black
---------------------------------
   00|01|02|03|04|05|06|07|08|09|
00:  |  |  |  | *|  |  |  |  |  |
01:  |  |  |  | *|  |  | *|  |  |
02:  |  | *| *|  |  | *|  |  |  |
03:  |  | *| R| *| F| R| R|  |  |
04:  |  |  | *|  |  | *|  | *|  |
05:  |  |  | R|  | R|  | R|  | R|
06: R| R| *| *|  | F|  | R| R|  |
07:  |  |  | F|  | *|  |  | *|  |
---------------------------------
Generation 24, red
---------------------------------
   00|01|02|03|04|05|06|07|08|09|
00:  |  |  |  | *|  |  |  |  |  |
01:  |  |  |  | *|  |  | *|  |  |
02:  |  | *| *|  |  | *|  |  |  |
03:  |  | *| R| *|  | F| R| R|  |
04:  |  |  | *|  |  | *| R| *|  |
05: R|  | R| R|  | R| R| R| R| R|
06: R| R| *| *|  | F|  | R| R|  |
07:  |  | F|  |  | *|  |  | *|  |
---------------------------------
Generation 24, black
---------------------------------
   00|01|02|03|04|05|06|07|08|09|
00:  |  |  |  | *|  |  |  |  |  |
01:  |  |  |  | *|  |  | *|  |  |
02:  |  | *| *|  |  | *|  |  |  |
03:  |  | *| R| *|  | F| R| R|  |
04:  |  |  | *|  |  | *| R| *|  |
05: R|  | R| R|  | F| R| R| R| R|
06: R| R| *| *|  |  | R| R| R|  |
07:  | R| F|  |  | *|  |  | *|  |
---------------------------------
Generation 25, red
---------------------------------
   00|01|02|03|04|05|06|07|08|09|
00:  |  |  |  | *|  |  |  |  |  |
01:  |  |  |  | *|  |  | *|  |  |
02:  |  | *| *|  |  | *| R|  |  |
03:  |  | *| R| *|  | F|  | R|  |
04:  |  |  | *|  |  | *| R| *|  |
05: R|  | R|  | R|  | F| R| R|  |
06:  | R| *| *|  |  |  | R|  | R|
07: R|  | F|  |  | *| R|  | *|  |
---------------------------------
Generation 25, black
---------------------------------
   00|01|02|03|04|05|06|07|08|09|
00:  |  |  |  | *|  |  |  |  |  |
01:  |  |  |  | *|  |  | *|  |  |
02:  |  | *| *|  |  | *| R|  |  |
03:  |  | *| R| *|  |  | F|  |  |
04:  |  |  | *|  |  | *|  | *|  |
05:  |  |  | R| R|  | F| R|  | R|
06: R|  | *| *|  |  |  |  |  | R|
07: R| R|  | F|  | *| R| R| *|  |
---------------------------------
Generation 26, red
---------------------------------
   00|01|02|03|04|05|06|07|08|09|
00:  |  |  |  | *|  |  |  |  |  |
01:  |  |  |  | *|  |  | *|  |  |
02:  |  | *| *|  |  | *| F|  |  |
03:  |  | *| R| *|  |  |  |  |  |
04:  |  |  | *|  |  | *| R| *|  |
05: R|  | R|  | R|  | F|  | R|  |
06:  |  | *| *|  |  |  | R|  | R|
07: R|  | F|  |  | *| R|  | *|  |
---------------------------------
Generation 26, black
---------------------------------
   00|01|02|03|04|05|06|07|08|09|
00:  |  |  |  | *|  |  |  |  |  |
01:  |  |  |  | *|  |  | *|  |  |
02:  |  | *| *|  |  | *| F|  |  |
03:  |  | *| R| *|  |  |  |  |  |
04:  |  |  | *|  |  | *| R| *|  |
05: R|  | R|  |  | F|  |  | R| R|
06: R|  | *| *| R|  | R| R|  |  |
07:  |  | F|  |  | *|  |  | *|  |
---------------------------------
Generation 27, red
---------------------------------
   00|01|02|03|04|05|06|07|08|09|
00:  |  |  |  | *|  |  |  |  |  |
01:  |  |  |  | *|  |  | *|  |  |
02:  |  | *| *|  |  | *| F|  |  |
03:  |  | *| R| *|  |  |  |  |  |
04:  |  |  | *|  |  | *| R| *|  |
05: R|  | R|  | F|  | R|  | R|  |
06:  | R| *| *|  | R|  | R|  | R|
07:  |  | F|  |  | *|  |  | *|  |
---------------------------------
Generation 27, black
---------------------------------
   00|01|02|03|04|05|06|07|08|09|
00:  |  |  |  | *|  |  |  |  |  |
01:  |  |  |  | *|  |  | *|  |  |
02:  |  | *| *|  |  | *|  |  |  |
03:  |  | *| R| *|  |  | F|  |  |
04:  |  |  | *|  |  | *|  | *|  |
05:  |  |  | R| F|  | R| R|  |  |
06: R| R| *| *|  | R| R|  | R| R|
07:  |  |  | F|  | *|  |  | *|  |
---------------------------------
Generation 28, red
---------------------------------
   00|01|02|03|04|05|06|07|08|09|
00:  |  |  |  | *|  |  |  |  |  |
01:  |  |  |  | *|  |  | *|  |  |
02:  |  | *| *|  |  | *|  |  |  |
03:  |  | *| R| *|  |  |  | F|  |
04:  |  |  | *|  |  | *| R| *|  |
05: R|  | R| R| F|  | R| R| R|  |
06: R| R| *| *|  | R| R| R| R| R|
07:  |  | F|  |  | *|  |  | *|  |
---------------------------------
Generation 28, black
---------------------------------
   00|01|02|03|04|05|06|07|08|09|
00:  |  |  |  | *|  |  |  |  |  |
01:  |  |  |  | *|  |  | *|  |  |
02:  |  | *| *|  |  | *|  |  |  |
03:  |  | *| R| *|  |  |  | F|  |
04:  |  |  | *|  |  | *| R| *|  |
05: R|  | R| F|  | R| R| R| R|  |
06: R| R| *| *| R| R| R| R| R| R|
07:  | R| F|  |  | *|  |  | *| R|
---------------------------------
Generation 29, red
---------------------------------
   00|01|02|03|04|05|06|07|08|09|
00:  |  |  |  | *|  |  |  |  |  |
01:  |  |  |  | *|  |  | *|  |  |
02:  |  | *| *|  |  | *|  |  |  |
03:  |  | *| R| *|  |  |  | F|  |
04:  |  |  | *|  |  | *| R| *|  |
05: R|  | F|  | R|  | R| R| R|  |
06:  | R| *| *|  | R|  | R| R| R|
07: R|  | F|  |  | *| R|  | *| R|
---------------------------------
Generation 29, black
---------------------------------
   00|01|02|03|04|05|06|07|08|09|
00:  |  |  |  | *|  |  |  |  |  |
01:  |  |  |  | *|  |  | *|  |  |
02:  |  | *| *|  |  | *|  |  |  |
03:  |  | *| R| *|  |  | F|  |  |
04:  |  |  | *|  |  | *|  | *|  |
05:  |  | F|  | R|  |  | R|  | R|
06: R|  | *| *| R|  | R|  | R|  |
07: R| R|  | F|  | *| R|  | *| R|
---------------------------------
Generation 30, red
---------------------------------
   00|01|02|03|04|05|06|07|08|09|
00:  |  |  |  | *|  |  |  |  |  |
01:  |  |  |  | *|  |  | *|  |  |
02:  |  | *| *|  |  | *|  |  |  |
03:  |  | *| R| *|  |  | F| F|  |
04:  |  |  | *|  |  | *|  | *|  |
05: R|  | F|  | R|  | R|  | R|  |
06:  |  | *| *|  | R|  | R|  | R|
07: R|  | F| F|  | *| R|  | *|  |
---------------------------------
Generation 30, black
---------------------------------
   00|01|02|03|04|05|06|07|08|09|
00:  |  |  |  | *|  |  |  |  |  |
01:  |  |  |  | *|  |  | *|  |  |
02:  |  | *| *|  |  | *|  |  |  |
03:  |  | *| R| *|  |  | F| F|  |
04:  |  |  | *|  |  | *|  | *|  |
05: R|  | F| F|  |  | R|  | R|  |
06: R|  | *| *| R| R| R| R|  | R|
07:  |  | F| F|  | *|  |  | *|  |
---------------------------------
Generation 31, red
---------------------------------
   00|01|02|03|04|05|06|07|08|09|
00:  |  |  |  | *|  |  |  |  |  |
01:  |  |  |  | *|  |  | *|  |  |
02:  |  | *| *|  |  | *|  |  |  |
03:  |  | *| R| *|  |  |  | F|  |
04:  |  |  | *|  |  | *| F| *|  |
05: R|  | F|  | F|  | R|  | R|  |
06:  | R| *| *|  | R|  | R|  | R|
07:  |  | F|  | F| *| R|  | *|  |
---------------------------------
Generation 31, black
---------------------------------
   00|01|02|03|04|05|06|07|08|09|
00:  |  |  |  | *|  |  |  |  |  |
01:  |  |  |  | *|  |  | *|  |  |
02:  |  | *| *|  |  | *|  |  |  |
03:  |  | *| R| *|  |  | F|  |  |
04:  |  |  | *|  |  | *| F| *|  |
05:  |  |  | F| F| R|  |  |  | R|
06: R| R| *| *| R|  | R|  | R|  |
07:  |  |  | F| F| *| R|  | *|  |
---------------------------------
Generation 32, red
---------------------------------
   00|01|02|03|04|05|06|07|08|09|
00:  |  |  |  | *|  |  |  |  |  |
01:  |  |  |  | *|  |  | *|  |  |
02:  |  | *| *|  |  | *|  |  |  |
03:  |  | *| R| *|  |  |  | F|  |
04:  |  |  | *|  |  | *| F| *|  |
05: R|  | F|  | F| R| R|  | R| R|
06: R| R| *| *| R| R| R| R| R|  |
07:  |  | F|  | F| *| R|  | *|  |
---------------------------------
Generation 32, black
---------------------------------
   00|01|02|03|04|05|06|07|08|09|
00:  |  |  |  | *|  |  |  |  |  |
01:  |  |  |  | *|  |  | *|  |  |
02:  |  | *| *|  |  | *|  |  |  |
03:  |  | *| R| *|  |  |  | F|  |
04:  |  |  | *|  |  | *|  | *|  |
05: R|  | F|  |  | F| R| F| R| R|
06: R| R| *| *| F| R| R| R| R|  |
07:  | R| F|  |  | *| R| R| *|  |
---------------------------------
Generation 33, red
---------------------------------
   00|01|02|03|04|05|06|07|08|09|
00:  |  |  |  | *|  |  |  |  |  |
01:  |  |  |  | *|  |  | *|  |  |
02:  |  | *| *|  |  | *|  |  |  |
03:  |  | *| R| *|  |  |  | F|  |
04:  |  |  | *|  |  | *|  | *|  |
05: R|  | F|  |  |  | R|  | F|  |
06:  | R| *| *|  | F| R| R|  | R|
07: R|  | F|  |  | *| R| R| *|  |
---------------------------------
Generation 33, black
---------------------------------
   00|01|02|03|04|05|06|07|08|09|
00:  |  |  |  | *|  |  |  |  |  |
01:  |  |  |  | *|  |  | *|  |  |
02:  |  | *| *|  |  | *|  |  |  |
03:  |  | *| R| *|  |  | F|  |  |
04:  |  |  | *|  |  | *|  | *|  |
05:  |  |  | F|  |  |  | R| F|  |
06: R|  | *| *|  | F| R|  | R| R|
07: R| R|  | F|  | *| R| R| *|  |
---------------------------------
Generation 34, red
---------------------------------
   00|01|02|03|04|05|06|07|08|09|
00:  |  |  |  | *|  |  |  |  |  |
01:  |  |  |  | *|  |  | *|  |  |
02:  |  | *| *|  |  | *|  |  |  |
03:  |  | *| R| *|  |  |  | F|  |
04:  |  |  | *|  |  | *| R| *|  |
05: R|  | F|  |  |  | R|  | F|  |
06:  |  | *| *|  | F|  | R|  | R|
07: R|  | F|  |  | *| R|  | *|  |
---------------------------------
Generation 34, black
---------------------------------
   00|01|02|03|04|05|06|07|08|09|
00:  |  |  |  | *|  |  |  |  |  |
01:  |  |  |  | *|  |  | *|  |  |
02:  |  | *| *|  |  | *|  |  |  |
03:  |  | *| R| *|  |  |  |  |  |
04:  |  |  | *|  |  | *| R| *|  |
05: R|  | F|  |  |  | R|  |  | R|
06: R|  | *| *| F|  | R| R| F|  |
07:  |  | F|  |  | *|  |  | *|  |
---------------------------------
Generation 35, red
---------------------------------
   00|01|02|03|04|05|06|07|08|09|
00:  |  |  |  | *|  |  |  |  |  |
01:  |  |  |  | *|  |  | *|  |  |
02:  |  | *| *|  |  | *|  |  |  |
03:  |  | *| R| *|  |  |  |  |  |
04:  |  |  | *|  |  | *| R| *|  |
05: R|  | F|  |  |  | R|  | R|  |
06:  | R| *| *|  | F|  | F|  |  |
07:  |  | F|  |  | *| R|  | *|  |
---------------------------------
Generation 35, black
---------------------------------
   00|01|02|03|04|05|06|07|08|09|
00:  |  |  |  | *|  |  |  |  |  |
01:  |  |  |  | *|  |  | *|  |  |
02:  |  | *| *|  |  | *|  |  |  |
03:  |  | *| R| *|  |  |  |  |  |
04:  |  |  | *|  |  | *|  | *|  |
05:  |  |  |  |  | R|  | R| R|  |
06: R| R| *| *|  | F|  | F|  |  |
07:  |  |  | F|  | *| R|  | *|  |
---------------------------------
Generation 36, red
---------------------------------
   00|01|02|03|04|05|06|07|08|09|
00:  |  |  |  | *|  |  |  |  |  |
01:  |  |  |  | *|  |  | *|  |  |
02:  |  | *| *|  |  | *|  |  |  |
03:  |  | *| R| *|  |  |  |  |  |
04:  |  |  | *|  |  | *|  | *|  |
05: R|  |  |  |  | R| R| R| R|  |
06: R| R| *| *|  | F|  | F|  |  |
07:  |  | F|  |  | *| R|  | *|  |
---------------------------------
Generation 36, black
---------------------------------
   00|01|02|03|04|05|06|07|08|09|
00:  |  |  |  | *|  |  |  |  |  |
01:  |  |  |  | *|  |  | *|  |  |
02:  |  | *| *|  |  | *|  |  |  |
03:  |  | *| R| *|  |  |  |  |  |
04:  |  |  | *|  |  | *|  | *|  |
05: R|  |  |  |  | F| R| F| R| R|
06: R| R| *| *|  |  | R|  |  |  |
07:  | R| F|  |  | *| R|  | *|  |
---------------------------------
Generation 37, red
---------------------------------
   00|01|02|03|04|05|06|07|08|09|
00:  |  |  |  | *|  |  |  |  |  |
01:  |  |  |  | *|  |  | *|  |  |
02:  |  | *| *|  |  | *|  |  |  |
03:  |  | *| R| *|  |  |  |  |  |
04:  |  |  | *|  |  | *|  | *|  |
05: R|  |  |  |  |  | F|  | R|  |
06:  | R| *| *|  |  |  | R|  | R|
07: R|  | F|  |  | *| R|  | *|  |
---------------------------------
Generation 37, black
---------------------------------
   00|01|02|03|04|05|06|07|08|09|
00:  |  |  |  | *|  |  |  |  |  |
01:  |  |  |  | *|  |  | *|  |  |
02:  |  | *| *|  |  | *|  |  |  |
03:  |  | *| R| *|  |  |  |  |  |
04:  |  |  | *|  |  | *|  | *|  |
05:  |  |  |  |  |  | F|  |  |  |
06: R|  | *| *|  |  | R| R| R| R|
07: R| R|  | F|  | *|  |  | *|  |
---------------------------------
Generation 38, red
---------------------------------
   00|01|02|03|04|05|06|07|08|09|
00:  |  |  |  | *|  |  |  |  |  |
01:  |  |  |  | *|  |  | *|  |  |
02:  |  | *| *|  |  | *|  |  |  |
03:  |  | *| R| *|  |  |  |  |  |
04:  |  |  | *|  |  | *|  | *|  |
05: R|  |  |  |  |  | F|  | R|  |
06:  |  | *| *|  |  |  | R|  | R|
07: R|  | F|  |  | *| R|  | *|  |
---------------------------------
Generation 38, black
---------------------------------
   00|01|02|03|04|05|06|07|08|09|
00:  |  |  |  | *|  |  |  |  |  |
01:  |  |  |  | *|  |  | *|  |  |
02:  |  | *| *|  |  | *|  |  |  |
03:  |  | *| R| *|  |  |  |  |  |
04:  |  |  | *|  |  | *|  | *|  |
05: R|  |  |  |  | F|  |  | R| R|
06: R|  | *| *|  |  | R|  |  |  |
07:  |  | F|  |  | *| R|  | *|  |
---------------------------------
Generation 39, red
---------------------------------
   00|01|02|03|04|05|06|07|08|09|
00:  |  |  |  | *|  |  |  |  |  |
01:  |  |  |  | *|  |  | *|  |  |
02:  |  | *| *|  |  | *|  |  |  |
03:  |  | *| R| *|  |  |  |  |  |
04:  |  |  | *|  |  | *|  | *|  |
05: R|  |  |  | F|  | R|  | R|  |
06:  | R| *| *|  |  |  |  |  | R|
07:  |  | F|  |  | *| R|  | *|  |
---------------------------------
Generation 39, black
---------------------------------
   00|01|02|03|04|05|06|07|08|09|
00:  |  |  |  | *|  |  |  |  |  |
01:  |  |  |  | *|  |  | *|  |  |
02:  |  | *| *|  |  | *|  |  |  |
03:  |  | *| R| *|  |  |  |  |  |
04:  |  |  | *|  |  | *|  | *|  |
05:  |  |  |  | F|  | R|  |  |  |
06: R| R| *| *|  |  | R|  | R| R|
07:  |  |  | F|  | *|  |  | *|  |
---------------------------------
Generation 40, red
---------------------------------
   00|01|02|03|04|05|06|07|08|09|
00:  |  |  |  | *|  |  |  |  |  |
01:  |  |  |  | *|  |  | *|  |  |
02:  |  | *| *|  |  | *|  |  |  |
03:  |  | *| R| *|  |  |  |  |  |
04:  |  |  | *|  |  | *|  | *|  |
05: R|  |  |  | F|  | R|  | R|  |
06: R| R| *| *|  |  | R| R| R| R|
07:  |  | F| F|  | *|  |  | *|  |
---------------------------------
Generation 40, black
---------------------------------
   00|01|02|03|04|05|06|07|08|09|
00:  |  |  |  | *|  |  |  |  |  |
01:  |  |  |  | *|  |  | *|  |  |
02:  |  | *| *|  |  | *|  |  |  |
03:  |  | *| R| *|  |  |  |  |  |
04:  |  |  | *|  |  | *|  | *|  |
05: R|  |  |  | F|  | R| R| R|  |
06: R| R| *| *| F|  | R| R| R| R|
07:  | R| F| F|  | *|  |  | *| R|
---------------------------------
Generation 41, red
---------------------------------
   00|01|02|03|04|05|06|07|08|09|
00:  |  |  |  | *|  |  |  |  |  |
01:  |  |  |  | *|  |  | *|  |  |
02:  |  | *| *|  |  | *|  |  |  |
03:  |  | *| R| *|  |  |  |  |  |
04:  |  |  | *|  |  | *| R| *|  |
05: R|  |  |  | F|  | R|  | R|  |
06:  | R| *| *|  | F|  | R| R| R|
07: R|  | F|  | F| *| R|  | *| R|
---------------------------------
Generation 41, black
---------------------------------
   00|01|02|03|04|05|06|07|08|09|
00:  |  |  |  | *|  |  |  |  |  |
01:  |  |  |  | *|  |  | *|  |  |
02:  |  | *| *|  |  | *|  |  |  |
03:  |  | *| R| *|  |  |  |  |  |
04:  |  |  | *|  |  | *| R| *|  |
05:  |  |  |  |  | R|  |  |  | R|
06: R|  | *| *| F| F|  |  | R|  |
07: R| R|  | F| F| *| R| R| *| R|
---------------------------------
Generation 42, red
---------------------------------
   00|01|02|03|04|05|06|07|08|09|
00:  |  |  |  | *|  |  |  |  |  |
01:  |  |  |  | *|  |  | *|  |  |
02:  |  | *| *|  |  | *|  |  |  |
03:  |  | *| R| *|  |  |  |  |  |
04:  |  |  | *|  |  | *| R| *|  |
05: R|  |  |  | F|  | R|  | R|  |
06:  |  | *| *|  | F|  | R|  | R|
07: R|  | F|  | F| *| R|  | *|  |
---------------------------------
Generation 42, black
---------------------------------
   00|01|02|03|04|05|06|07|08|09|
00:  |  |  |  | *|  |  |  |  |  |
01:  |  |  |  | *|  |  | *|  |  |
02:  |  | *| *|  |  | *|  |  |  |
03:  |  | *| R| *|  |  |  |  |  |
04:  |  |  | *|  |  | *|  | *|  |
05: R|  |  |  | F|  | R| R| R|  |
06: R|  | *| *|  |  | R| R|  | R|
07:  |  | F|  |  | *|  |  | *|  |
---------------------------------
Generation 43, red
---------------------------------
   00|01|02|03|04|05|06|07|08|09|
00:  |  |  |  | *|  |  |  |  |  |
01:  |  |  |  | *|  |  | *|  |  |
02:  |  | *| *|  |  | *|  |  |  |
03:  |  | *| R| *|  |  |  |  |  |
04:  |  |  | *|  |  | *| R| *|  |
05: R|  |  |  | F|  | R|  | R|  |
06:  | R| *| *|  |  |  | R|  | R|
07:  |  | F|  |  | *| R|  | *|  |
---------------------------------
Generation 43, black
---------------------------------
   00|01|02|03|04|05|06|07|08|09|
00:  |  |  |  | *|  |  |  |  |  |
01:  |  |  |  | *|  |  | *|  |  |
02:  |  | *| *|  |  | *|  |  |  |
03:  |  | *| R| *|  |  |  |  |  |
04:  |  |  | *|  |  | *| R| *|  |
05:  |  |  |  |  | R|  |  |  | R|
06: R| R| *| *| F|  | R|  | R|  |
07:  |  |  | F|  | *| R|  | *|  |
---------------------------------
Generation 44, red
---------------------------------
   00|01|02|03|04|05|06|07|08|09|
00:  |  |  |  | *|  |  |  |  |  |
01:  |  |  |  | *|  |  | *|  |  |
02:  |  | *| *|  |  | *|  |  |  |
03:  |  | *| R| *|  |  |  |  |  |
04:  |  |  | *|  |  | *| R| *|  |
05: R|  |  |  | R| R| R|  | R| R|
06: R| R| *| *|  | F| R| R| R|  |
07:  |  | F|  |  | *| R|  | *|  |
---------------------------------
Generation 44, black
---------------------------------
   00|01|02|03|04|05|06|07|08|09|
00:  |  |  |  | *|  |  |  |  |  |
01:  |  |  |  | *|  |  | *|  |  |
02:  |  | *| *|  |  | *|  |  |  |
03:  |  | *| R| *|  |  |  |  |  |
04:  |  |  | *|  |  | *| R| *|  |
05: R|  |  |  | R| R| R| R| R| R|
06: R| R| *| *|  | F| R| R| R|  |
07:  | R| F|  |  | *| R| R| *|  |
---------------------------------
Generation 45, red
---------------------------------
   00|01|02|03|04|05|06|07|08|09|
00:  |  |  |  | *|  |  |  |  |  |
01:  |  |  |  | *|  |  | *|  |  |
02:  |  | *| *|  |  | *|  |  |  |
03:  |  | *| R| *|  |  |  |  |  |
04:  |  |  | *|  | R| *| R| *|  |
05: R|  |  |  | R|  | R| R| R|  |
06:  | R| *| *|  | F| R| R|  | R|
07: R|  | F|  |  | *| R| R| *|  |
---------------------------------
Generation 45, black
---------------------------------
   00|01|02|03|04|05|06|07|08|09|
00:  |  |  |  | *|  |  |  |  |  |
01:  |  |  |  | *|  |  | *|  |  |
02:  |  | *| *|  |  | *|  |  |  |
03:  |  | *| R| *|  |  | R|  |  |
04:  |  |  | *|  | R| *|  | *|  |
05:  |  |  |  |  | R|  | R|  | R|
06: R|  | *| *| R|  | F|  | R| R|
07: R| R|  | F|  | *| R| R| *|  |
---------------------------------
Generation 46, red
---------------------------------
   00|01|02|03|04|05|06|07|08|09|
00:  |  |  |  | *|  |  |  |  |  |
01:  |  |  |  | *|  |  | *|  |  |
02:  |  | *| *|  |  | *|  |  |  |
03:  |  | *| R| *|  |  |  | R|  |
04:  |  |  | *|  | R| *|  | *|  |
05: R|  |  |  |  |  |  |  | R|  |
06:  |  | *| *|  | R|  | R|  | R|
07: R|  | F|  |  | *| F|  | *|  |
---------------------------------
Generation 46, black
---------------------------------
   00|01|02|03|04|05|06|07|08|09|
00:  |  |  |  | *|  |  |  |  |  |
01:  |  |  |  | *|  |  | *|  |  |
02:  |  | *| *|  |  | *|  |  |  |
03:  |  | *| R| *| R|  |  | R|  |
04:  |  |  | *|  |  | *|  | *|  |
05: R|  |  |  |  |  |  |  | R| R|
06: R|  | *| *|  | R|  | R|  |  |
07:  |  | F|  |  | *| F|  | *|  |
---------------------------------
Generation 47, red
---------------------------------
   00|01|02|03|04|05|06|07|08|09|
00:  |  |  |  | *|  |  |  |  |  |
01:  |  |  |  | *|  |  | *|  |  |
02:  |  | *| *|  |  | *|  |  |  |
03:  |  | *| R| *|  |  |  | R|  |
04:  |  |  | *|  | R| *|  | *|  |
05: R|  |  |  |  |  |  |  | R|  |
06:  | R| *| *|  | R|  | R|  | R|
07:  |  | F|  |  | *| F|  | *|  |
---------------------------------
Generation 47, black
---------------------------------
   00|01|02|03|04|05|06|07|08|09|
00:  |  |  |  | *|  |  |  |  |  |
01:  |  |  |  | *|  |  | *|  |  |
02:  |  | *| *|  |  | *|  |  |  |
03:  |  | *| R| *|  |  | R|  |  |
04:  |  |  | *|  | R| *|  | *|  |
05:  |  |  |  |  |  |  |  |  |  |
06: R| R| *| *| R|  | F|  | R| R|
07:  |  |  | F|  | *|  |  | *|  |
---------------------------------
Generation 48, red
---------------------------------
   00|01|02|03|04|05|06|07|08|09|
00:  |  |  |  | *|  |  |  |  |  |
01:  |  |  |  | *|  |  | *|  |  |
02:  |  | *| *|  |  | *|  |  |  |
03:  |  | *| R| *|  |  | R| R|  |
04:  |  |  | *|  | R| *|  | *|  |
05: R|  |  |  |  |  |  |  | R|  |
06: R| R| *| *| R| R|  |  | R| R|
07:  |  | F|  |  | *| F|  | *|  |
---------------------------------
Generation 48, black
---------------------------------
   00|01|02|03|04|05|06|07|08|09|
00:  |  |  |  | *|  |  |  |  |  |
01:  |  |  |  | *|  |  | *|  |  |
02:  |  | *| *|  |  | *|  |  |  |
03:  |  | *| R| *| R|  | R| R|  |
04:  |  |  | *|  | R| *|  | *|  |
05: R|  |  |  |  |  |  |  | R|  |
06: R| R| *| *| R| R|  |  | R| R|
07:  | R| F|  |  | *| F|  | *| R|
---------------------------------
Generation 49, red
---------------------------------
   00|01|02|03|04|05|06|07|08|09|
00:  |  |  |  | *|  |  |  |  |  |
01:  |  |  |  | *|  |  | *|  |  |
02:  |  | *| *|  |  | *|  |  |  |
03:  |  | *| R| *|  | R|  | R|  |
04:  |  |  | *|  | R| *| R| *|  |
05: R|  |  |  | R|  |  |  | R|  |
06:  | R| *| *|  | R|  | R|  | R|
07: R|  | F|  |  | *| F|  | *| R|
---------------------------------
Generation 49, black
---------------------------------
   00|01|02|03|04|05|06|07|08|09|
00:  |  |  |  | *|  |  |  |  |  |
01:  |  |  |  | *|  |  | *|  |  |
02:  |  | *| *|  |  | *|  |  |  |
03:  |  | *| R| *| R| R| R|  |  |
04:  |  |  | *|  |  | *| R| *|  |
05:  |  |  |  | R|  |  |  |  |  |
06: R|  | *| *| R|  | F| R| R|  |
07: R| R|  | F|  | *|  |  | *| R|
---------------------------------
Generation 50, red
---------------------------------
   00|01|02|03|04|05|06|07|08|09|
00:  |  |  |  | *|  |  |  |  |  |
01:  |  |  |  | *|  |  | *|  |  |
02:  |  | *| *|  |  | *|  |  |  |
03:  |  | *| R| *|  | R|  | R|  |
04:  |  |  | *|  | R| *| R| *|  |
05: R|  |  |  | R|  |  |  | R|  |
06:  |  | *| *|  | R| F| F|  | R|
07: R|  | F| F|  | *|  |  | *|  |
---------------------------------
Generation 50, black
---------------------------------
   00|01|02|03|04|05|06|07|08|09|
00:  |  |  |  | *|  |  |  |  |  |
01:  |  |  |  | *|  |  | *|  |  |
02:  |  | *| *|  |  | *|  |  |  |
03:  |  | *| R| *|  |  | R| R|  |
04:  |  |  | *|  | R| *|  | *|  |
05: R|  |  |  |  |  |  | R| R|  |
06: R|  | *| *| R| R| F| F|  | R|
07:  |  | F| F|  | *|  |  | *|  |
---------------------------------
Generation 51, red
---------------------------------
   00|01|02|03|04|05|06|07|08|09|
00:  |  |  |  | *|  |  |  |  |  |
01:  |  |  |  | *|  |  | *|  |  |
02:  |  | *| *|  |  | *|  |  |  |
03:  |  | *| R| *|  |  |  | R|  |
04:  |  |  | *|  | R| *| R| *|  |
05: R|  |  |  | R|  | R|  | R|  |
06:  | R| *| *|  | F|  | F|  | R|
07:  |  | F|  | F| *|  |  | *|  |
---------------------------------
Generation 51, black
---------------------------------
   00|01|02|03|04|05|06|07|08|09|
00:  |  |  |  | *|  |  |  |  |  |
01:  |  |  |  | *|  |  | *|  |  |
02:  |  | *| *|  |  | *|  |  |  |
03:  |  | *| R| *| R|  | R|  |  |
04:  |  |  | *|  |  | *| R| *|  |
05:  |  |  |  | R|  | R|  |  | R|
06: R| R| *| *|  | F| F|  | R|  |
07:  |  |  | F| F| *|  |  | *|  |
---------------------------------
Generation 52, red
---------------------------------
   00|01|02|03|04|05|06|07|08|09|
00:  |  |  |  | *|  |  |  |  |  |
01:  |  |  |  | *|  |  | *|  |  |
02:  |  | *| *|  |  | *|  |  |  |
03:  |  | *| R| *| R|  | R| R|  |
04:  |  |  | *|  | R| *| R| *|  |
05: R|  |  |  | R|  | F|  | R| R|
06: R| R| *| *|  | F|  | R| R|  |
07:  |  | F|  | F| *|  |  | *|  |
---------------------------------
Generation 52, black
---------------------------------
   00|01|02|03|04|05|06|07|08|09|
00:  |  |  |  | *|  |  |  |  |  |
01:  |  |  |  | *|  |  | *|  |  |
02:  |  | *| *|  |  | *|  |  |  |
03:  |  | *| R| *| R|  | R| R|  |
04:  |  |  | *|  | R| *| R| *|  |
05: R|  |  |  | R|  | F| R| R| R|
06: R| R| *| *| F|  |  | R| R|  |
07:  | R| F|  |  | *|  |  | *|  |
---------------------------------
Generation 53, red
---------------------------------
   00|01|02|03|04|05|06|07|08|09|
00:  |  |  |  | *|  |  |  |  |  |
01:  |  |  |  | *|  |  | *|  |  |
02:  |  | *| *|  |  | *|  |  |  |
03:  |  | *| R| *|  | R|  | R|  |
04:  |  |  | *|  | R| *| R| *|  |
05: R|  |  |  | F|  | F| R| R|  |
06:  | R| *| *|  |  |  | R|  | R|
07: R|  | F|  |  | *|  |  | *|  |
---------------------------------
Generation 53, black
---------------------------------
   00|01|02|03|04|05|06|07|08|09|
00:  |  |  |  | *|  |  |  |  |  |
01:  |  |  |  | *|  |  | *|  |  |
02:  |  | *| *|  |  | *|  |  |  |
03:  |  | *| R| *| R| R| R|  |  |
04:  |  |  | *|  |  | *|  | *|  |
05:  |  |  |  | F|  |  | F|  | R|
06: R|  | *| *|  |  |  |  |  | R|
07: R| R|  | F|  | *|  | R| *|  |
---------------------------------
Generation 54, red
---------------------------------
   00|01|02|03|04|05|06|07|08|09|
00:  |  |  |  | *|  |  |  |  |  |
01:  |  |  |  | *|  |  | *|  |  |
02:  |  | *| *|  |  | *|  |  |  |
03:  |  | *| R| *|  | R|  | R|  |
04:  |  |  | *|  | R| *|  | *|  |
05: R|  |  |  | F|  |  |  | F|  |
06:  |  | *| *|  |  |  |  |  | R|
07: R|  | F|  |  | *| R|  | *|  |
---------------------------------
Generation 54, black
---------------------------------
   00|01|02|03|04|05|06|07|08|09|
00:  |  |  |  | *|  |  |  |  |  |
01:  |  |  |  | *|  |  | *|  |  |
02:  |  | *| *|  |  | *|  |  |  |
03:  |  | *| R| *|  |  | R| R|  |
04:  |  |  | *|  | R| *|  | *|  |
05: R|  |  |  |  |  |  |  | F| R|
06: R|  | *| *| F|  |  |  |  |  |
07:  |  | F|  |  | *| R|  | *|  |
---------------------------------
Generation 55, red
---------------------------------
   00|01|02|03|04|05|06|07|08|09|
00:  |  |  |  | *|  |  |  |  |  |
01:  |  |  |  | *|  |  | *|  |  |
02:  |  | *| *|  |  | *|  |  |  |
03:  |  | *| R| *|  |  |  | R|  |
04:  |  |  | *|  | R| *| R| *|  |
05: R|  |  |  |  |  |  |  | F|  |
06:  | R| *| *|  | F|  |  |  | R|
07:  |  | F|  |  | *| R|  | *|  |
---------------------------------
Generation 55, black
---------------------------------
   00|01|02|03|04|05|06|07|08|09|
00:  |  |  |  | *|  |  |  |  |  |
01:  |  |  |  | *|  |  | *|  |  |
02:  |  | *| *|  |  | *|  |  |  |
03:  |  | *| R| *| R|  | R|  |  |
04:  |  |  | *|  |  | *| R| *|  |
05:  |  |  |  |  |  |  |  |  |  |
06: R| R| *| *|  | F| R|  | F| R|
07:  |  |  | F|  | *|  |  | *|  |
---------------------------------
Generation 56, red
---------------------------------
   00|01|02|03|04|05|06|07|08|09|
00:  |  |  |  | *|  |  |  |  |  |
01:  |  |  |  | *|  |  | *|  |  |
02:  |  | *| *|  |  | *|  |  |  |
03:  |  | *| R| *| R|  | R| R|  |
04:  |  |  | *|  | R| *| R| *|  |
05: R|  |  |  |  |  | R|  |  |  |
06: R| R| *| *|  | F| R|  |  | F|
07:  |  | F|  |  | *|  |  | *|  |
---------------------------------
Generation 56, black
---------------------------------
   00|01|02|03|04|05|06|07|08|09|
00:  |  |  |  | *|  |  |  |  |  |
01:  |  |  |  | *|  |  | *|  |  |
02:  |  | *| *|  |  | *|  |  |  |
03:  |  | *| R| *| R|  | R| R|  |
04:  |  |  | *|  | R| *| R| *|  |
05: R|  |  |  |  |  | R| R|  |  |
06: R| R| *| *|  |  | F|  |  | F|
07:  | R| F|  |  | *|  |  | *|  |
---------------------------------
Generation 57, red
---------------------------------
   00|01|02|03|04|05|06|07|08|09|
00:  |  |  |  | *|  |  |  |  |  |
01:  |  |  |  | *|  |  | *|  |  |
02:  |  | *| *|  |  | *|  |  |  |
03:  |  | *| R| *|  | R|  | R|  |
04:  |  |  | *|  | R| *| R| *|  |
05: R|  |  |  |  |  | F|  |  |  |
06:  | R| *| *|  |  |  | R|  | F|
07: R|  | F|  |  | *|  |  | *|  |
---------------------------------
Generation 57, black
---------------------------------
   00|01|02|03|04|05|06|07|08|09|
00:  |  |  |  | *|  |  |  |  |  |
01:  |  |  |  | *|  |  | *|  |  |
02:  |  | *| *|  |  | *|  |  |  |
03:  |  | *| R| *| R| R| R|  |  |
04:  |  |  | *|  |  | *|  | *|  |
05:  |  |  |  |  |  | F| R|  | F|
06: R|  | *| *|  |  |  | R|  |  |
07: R| R|  | F|  | *|  |  | *|  |
---------------------------------
Generation 58, red
---------------------------------
   00|01|02|03|04|05|06|07|08|09|
00:  |  |  |  | *|  |  |  |  |  |
01:  |  |  |  | *|  |  | *|  |  |
02:  |  | *| *|  |  | *|  |  |  |
03:  |  | *| R| *|  | R|  | R|  |
04:  |  |  | *|  | R| *|  | *|  |
05: R|  |  |  |  |  | F|  | F|  |
06:  |  | *| *|  |  |  | R|  |  |
07: R|  | F|  |  | *|  |  | *|  |
---------------------------------
Generation 58, black
---------------------------------
   00|01|02|03|04|05|06|07|08|09|
00:  |  |  |  | *|  |  |  |  |  |
01:  |  |  |  | *|  |  | *|  |  |
02:  |  | *| *|  |  | *|  |  |  |
03:  |  | *| R| *|  |  | R| R|  |
04:  |  |  | *|  | R| *|  | *|  |
05: R|  |  |  |  | F|  |  | F|  |
06: R|  | *| *|  |  | R|  |  |  |
07:  |  | F|  |  | *|  |  | *|  |
---------------------------------
Generation 59, red
---------------------------------
   00|01|02|03|04|05|06|07|08|09|
00:  |  |  |  | *|  |  |  |  |  |
01:  |  |  |  | *|  |  | *|  |  |
02:  |  | *| *|  |  | *|  |  |  |
03:  |  | *| R| *|  |  |  | R|  |
04:  |  |  | *|  | F| *| R| *|  |
05: R|  |  |  |  |  |  |  | F|  |
06:  | R| *| *|  |  |  |  |  |  |
07:  |  | F|  |  | *| R|  | *|  |
---------------------------------
Generation 59, black
---------------------------------
   00|01|02|03|04|05|06|07|08|09|
00:  |  |  |  | *|  |  |  |  |  |
01:  |  |  |  | *|  |  | *|  |  |
02:  |  | *| *|  |  | *|  |  |  |
03:  |  | *| R| *|  |  | R|  |  |
04:  |  |  | *|  | F| *| R| *|  |
05:  |  |  |  |  |  |  |  |  |  |
06: R| R| *| *|  |  |  |  | F|  |
07:  |  |  | F|  | *| R|  | *|  |
---------------------------------
Generation 60, red
---------------------------------
   00|01|02|03|04|05|06|07|08|09|
00:  |  |  |  | *|  |  |  |  |  |
01:  |  |  |  | *|  |  | *|  |  |
02:  |  | *| *|  |  | *|  |  |  |
03:  |  | *| R| *|  |  | R| R|  |
04:  |  |  | *|  | F| *| R| *|  |
05: R|  |  |  |  |  |  |  |  |  |
06: R| R| *| *|  |  |  | F| F|  |
07:  |  | F| F|  | *| R|  | *|  |
---------------------------------
Generation 60, black
---------------------------------
   00|01|02|03|04|05|06|07|08|09|
00:  |  |  |  | *|  |  |  |  |  |
01:  |  |  |  | *|  |  | *|  |  |
02:  |  | *| *|  |  | *|  |  |  |
03:  |  | *| R| *| F|  | R| R|  |
04:  |  |  | *|  | F| *| R| *|  |
05: R|  |  |  |  |  |  | R|  |  |
06: R| R| *| *|  |  | R| F| F|  |
07:  | R| F| F|  | *| R|  | *|  |
---------------------------------
Generation 61, red
---------------------------------
   00|01|02|03|04|05|06|07|08|09|
00:  |  |  |  | *|  |  |  |  |  |
01:  |  |  |  | *|  |  | *|  |  |
02:  |  | *| *|  |  | *|  |  |  |
03:  |  | *| R| *|  | F|  | R|  |
04:  |  |  | *|  | F| *| R| *|  |
05: R|  |  |  |  |  | R|  | F|  |
06:  | R| *| *|  |  |  | F|  |  |
07: R|  | F|  | F| *| R|  | *|  |
---------------------------------
Generation 61, black
---------------------------------
   00|01|02|03|04|05|06|07|08|09|
00:  |  |  |  | *|  |  |  |  |  |
01:  |  |  |  | *|  |  | *|  |  |
02:  |  | *| *|  |  | *|  |  |  |
03:  |  | *| R| *| F| F| R|  |  |
04:  |  |  | *|  |  | *|  | *|  |
05:  |  |  |  |  |  | R| R| F|  |
06: R|  | *| *|  |  | F|  |  |  |
07: R| R|  | F| F| *|  |  | *|  |
---------------------------------
Generation 62, red
---------------------------------
   00|01|02|03|04|05|06|07|08|09|
00:  |  |  |  | *|  |  |  |  |  |
01:  |  |  |  | *|  |  | *|  |  |
02:  |  | *| *|  |  | *|  |  |  |
03:  |  | *| R| *|  | F|  | R|  |
04:  |  |  | *|  | F| *|  | *|  |
05: R|  |  |  |  |  | F|  | F|  |
06:  |  | *| *|  |  |  | R|  |  |
07: R|  | F|  | F| *|  |  | *|  |
---------------------------------
Generation 62, black
---------------------------------
   00|01|02|03|04|05|06|07|08|09|
00:  |  |  |  | *|  |  |  |  |  |
01:  |  |  |  | *|  |  | *|  |  |
02:  |  | *| *|  |  | *|  |  |  |
03:  |  | *| R| *|  |  | F| R|  |
04:  |  |  | *|  | F| *|  | *|  |
05: R|  |  |  |  |  | F|  |  |  |
06: R|  | *| *| F|  |  | R| F|  |
07:  |  | F|  |  | *|  |  | *|  |
---------------------------------
Generation 63, red
---------------------------------
   00|01|02|03|04|05|06|07|08|09|
00:  |  |  |  | *|  |  |  |  |  |
01:  |  |  |  | *|  |  | *|  |  |
02:  |  | *| *|  |  | *|  |  |  |
03:  |  | *| R| *|  |  |  | F|  |
04:  |  |  | *|  | F| *|  | *|  |
05: R|  |  |  |  |  | F|  |  |  |
06:  | R| *| *|  | F|  | F|  |  |
07:  |  | F|  |  | *|  |  | *|  |
---------------------------------
Generation 63, black
---------------------------------
   00|01|02|03|04|05|06|07|08|09|
00:  |  |  |  | *|  |  |  |  |  |
01:  |  |  |  | *|  |  | *|  |  |
02:  |  | *| *|  |  | *|  |  |  |
03:  |  | *| R| *| F|  |  | F|  |
04:  |  |  | *|  |  | *|  | *|  |
05:  |  |  |  |  | F|  |  |  |  |
06: R| R| *| *|  | F|  | F|  |  |
07:  |  |  | F|  | *|  |  | *|  |
---------------------------------
Generation 64, red
---------------------------------
   00|01|02|03|04|05|06|07|08|09|
00:  |  |  |  | *|  |  |  |  |  |
01:  |  |  |  | *|  |  | *|  |  |
02:  |  | *| *|  |  | *|  |  |  |
03:  |  | *| R| *|  |  |  | F|  |
04:  |  |  | *|  | F| *|  | *|  |
05: R|  |  |  |  |  | F|  |  |  |
06: R| R| *| *|  | F|  | F|  |  |
07:  |  | F|  |  | *|  |  | *|  |
---------------------------------
Generation 64, black
---------------------------------
   00|01|02|03|04|05|06|07|08|09|
00:  |  |  |  | *|  |  |  |  |  |
01:  |  |  |  | *|  |  | *|  |  |
02:  |  | *| *|  |  | *|  |  |  |
03:  |  | *| R| *|  |  | F|  |  |
04:  |  |  | *|  | F| *|  | *|  |
05: R|  |  |  |  |  | F|  |  |  |
06: R| R| *| *| F|  | F|  |  |  |
07:  | R| F|  |  | *|  |  | *|  |
---------------------------------
Generation 65, red
---------------------------------
   00|01|02|03|04|05|06|07|08|09|
00:  |  |  |  | *|  |  |  |  |  |
01:  |  |  |  | *|  |  | *|  |  |
02:  |  | *| *|  |  | *|  |  |  |
03:  |  | *| R| *|  |  |  | F|  |
04:  |  |  | *|  | F| *|  | *|  |
05: R|  |  |  |  |  | F|  |  |  |
06:  | R| *| *|  | F|  | F|  |  |
07: R|  | F|  |  | *|  |  | *|  |
---------------------------------
Generation 65, black
---------------------------------
   00|01|02|03|04|05|06|07|08|09|
00:  |  |  |  | *|  |  |  |  |  |
01:  |  |  |  | *|  |  | *|  |  |
02:  |  | *| *|  |  | *|  |  |  |
03:  |  | *| R| *|  |  |  | F|  |
04:  |  |  | *|  |  | *|  | *|  |
05:  |  |  |  |  | F|  |  |  |  |
06: R|  | *| *|  |  |  | F|  |  |
07: R| R|  | F|  | *|  |  | *|  |
---------------------------------
Generation 66, red
---------------------------------
   00|01|02|03|04|05|06|07|08|09|
00:  |  |  |  | *|  |  |  |  |  |
01:  |  |  |  | *|  |  | *|  |  |
02:  |  | *| *|  |  | *|  |  |  |
03:  |  | *| R| *|  |  |  | F|  |
04:  |  |  | *|  |  | *|  | *|  |
05: R|  |  |  | F|  |  |  |  |  |
06:  |  | *| *|  |  |  | F|  |  |
07: R|  | F|  |  | *|  |  | *|  |
---------------------------------
Generation 66, black
---------------------------------
   00|01|02|03|04|05|06|07|08|09|
00:  |  |  |  | *|  |  |  |  |  |
01:  |  |  |  | *|  |  | *|  |  |
02:  |  | *| *|  |  | *|  |  |  |
03:  |  | *| R| *|  |  | F|  |  |
04:  |  |  | *|  |  | *|  | *|  |
05: R|  |  |  | F|  |  |  |  |  |
06: R|  | *| *|  |  | F|  |  |  |
07:  |  | F|  |  | *|  |  | *|  |
---------------------------------
Generation 67, red
---------------------------------
   00|01|02|03|04|05|06|07|08|09|
00:  |  |  |  | *|  |  |  |  |  |
01:  |  |  |  | *|  |  | *|  |  |
02:  |  | *| *|  |  | *|  |  |  |
03:  |  | *| R| *|  |  |  | F|  |
04:  |  |  | *|  |  | *|  | *|  |
05: R|  |  |  | F|  |  |  |  |  |
06:  | R| *| *|  |  |  |  |  |  |
07:  |  | F|  |  | *| F|  | *|  |
---------------------------------
Generation 67, black
---------------------------------
   00|01|02|03|04|05|06|07|08|09|
00:  |  |  |  | *|  |  |  |  |  |
01:  |  |  |  | *|  |  | *|  |  |
02:  |  | *| *|  |  | *|  |  |  |
03:  |  | *| R| *|  |  |  | F|  |
04:  |  |  | *|  |  | *|  | *|  |
05:  |  |  |  |  |  |  |  |  |  |
06: R| R| *| *|  |  |  |  |  |  |
07:  |  |  | F|  | *| F|  | *|  |
---------------------------------
Generation 68, red
---------------------------------
   00|01|02|03|04|05|06|07|08|09|
00:  |  |  |  | *|  |  |  |  |  |
01:  |  |  |  | *|  |  | *|  |  |
02:  |  | *| *|  |  | *|  |  |  |
03:  |  | *| R| *|  |  |  | F|  |
04:  |  |  | *|  |  | *|  | *|  |
05: R|  |  |  |  |  |  |  |  |  |
06: R| R| *| *|  |  |  |  |  |  |
07:  |  | F|  |  | *| F|  | *|  |
---------------------------------
Generation 68, black
---------------------------------
   00|01|02|03|04|05|06|07|08|09|
00:  |  |  |  | *|  |  |  |  |  |
01:  |  |  |  | *|  |  | *|  |  |
02:  |  | *| *|  |  | *|  |  |  |
03:  |  | *| R| *|  |  |  |  |  |
04:  |  |  | *|  |  | *|  | *|  |
05: R|  |  |  |  |  |  |  |  |  |
06: R| R| *| *|  |  |  |  |  |  |
07:  | R| F|  |  | *|  |  | *|  |
---------------------------------
Generation 69, red
---------------------------------
   00|01|02|03|04|05|06|07|08|09|
00:  |  |  |  | *|  |  |  |  |  |
01:  |  |  |  | *|  |  | *|  |  |
02:  |  | *| *|  |  | *|  |  |  |
03:  |  | *| R| *|  |  |  |  |  |
04:  |  |  | *|  |  | *|  | *|  |
05: R|  |  |  |  |  |  |  |  |  |
06:  | R| *| *|  |  |  |  |  |  |
07: R|  | F|  |  | *|  |  | *|  |
---------------------------------
Generation 69, black
---------------------------------
   00|01|02|03|04|05|06|07|08|09|
00:  |  |  |  | *|  |  |  |  |  |
01:  |  |  |  | *|  |  | *|  |  |
02:  |  | *| *|  |  | *|  |  |  |
03:  |  | *| R| *|  |  |  |  |  |
04:  |  |  | *|  |  | *|  | *|  |
05:  |  |  |  |  |  |  |  |  |  |
06: R|  | *| *|  |  |  |  |  |  |
07: R| R|  | F|  | *|  |  | *|  |
---------------------------------
Generation 70, red
---------------------------------
   00|01|02|03|04|05|06|07|08|09|
00:  |  |  |  | *|  |  |  |  |  |
01:  |  |  |  | *|  |  | *|  |  |
02:  |  | *| *|  |  | *|  |  |  |
03:  |  | *| R| *|  |  |  |  |  |
04:  |  |  | *|  |  | *|  | *|  |
05: R|  |  |  |  |  |  |  |  |  |
06:  |  | *| *|  |  |  |  |  |  |
07: R|  | F| F|  | *|  |  | *|  |
---------------------------------
Generation 70, black
---------------------------------
   00|01|02|03|04|05|06|07|08|09|
00:  |  |  |  | *|  |  |  |  |  |
01:  |  |  |  | *|  |  | *|  |  |
02:  |  | *| *|  |  | *|  |  |  |
03:  |  | *| R| *|  |  |  |  |  |
04:  |  |  | *|  |  | *|  | *|  |
05: R|  |  |  |  |  |  |  |  |  |
06: R|  | *| *|  |  |  |  |  |  |
07:  |  | F| F|  | *|  |  | *|  |
---------------------------------
Generation 71, red
---------------------------------
   00|01|02|03|04|05|06|07|08|09|
00:  |  |  |  | *|  |  |  |  |  |
01:  |  |  |  | *|  |  | *|  |  |
02:  |  | *| *|  |  | *|  |  |  |
03:  |  | *| R| *|  |  |  |  |  |
04:  |  |  | *|  |  | *|  | *|  |
05: R|  |  |  |  |  |  |  |  |  |
06:  | R| *| *|  |  |  |  |  |  |
07:  |  | F|  | F| *|  |  | *|  |
---------------------------------
Generation 71, black
---------------------------------
   00|01|02|03|04|05|06|07|08|09|
00:  |  |  |  | *|  |  |  |  |  |
01:  |  |  |  | *|  |  | *|  |  |
02:  |  | *| *|  |  | *|  |  |  |
03:  |  | *| R| *|  |  |  |  |  |
04:  |  |  | *|  |  | *|  | *|  |
05:  |  |  |  |  |  |  |  |  |  |
06: R| R| *| *|  |  |  |  |  |  |
07:  |  |  | F| F| *|  |  | *|  |
---------------------------------
Generation 72, red
---------------------------------
   00|01|02|03|04|05|06|07|08|09|
00:  |  |  |  | *|  |  |  |  |  |
01:  |  |  |  | *|  |  | *|  |  |
02:  |  | *| *|  |  | *|  |  |  |
03:  |  | *| R| *|  |  |  |  |  |
04:  |  |  | *|  |  | *|  | *|  |
05: R|  |  |  |  |  |  |  |  |  |
06: R| R| *| *|  |  |  |  |  |  |
07:  |  | F|  | F| *|  |  | *|  |
---------------------------------
Generation 72, black
---------------------------------
   00|01|02|03|04|05|06|07|08|09|
00:  |  |  |  | *|  |  |  |  |  |
01:  |  |  |  | *|  |  | *|  |  |
02:  |  | *| *|  |  | *|  |  |  |
03:  |  | *| R| *|  |  |  |  |  |
04:  |  |  | *|  |  | *|  | *|  |
05: R|  |  |  |  |  |  |  |  |  |
06: R| R| *| *| F|  |  |  |  |  |
07:  | R| F|  |  | *|  |  | *|  |
---------------------------------
Generation 73, red
---------------------------------
   00|01|02|03|04|05|06|07|08|09|
00:  |  |  |  | *|  |  |  |  |  |
01:  |  |  |  | *|  |  | *|  |  |
02:  |  | *| *|  |  | *|  |  |  |
03:  |  | *| R| *|  |  |  |  |  |
04:  |  |  | *|  |  | *|  | *|  |
05: R|  |  |  |  |  |  |  |  |  |
06:  | R| *| *|  | F|  |  |  |  |
07: R|  | F|  |  | *|  |  | *|  |
---------------------------------
Generation 73, black
---------------------------------
   00|01|02|03|04|05|06|07|08|09|
00:  |  |  |  | *|  |  |  |  |  |
01:  |  |  |  | *|  |  | *|  |  |
02:  |  | *| *|  |  | *|  |  |  |
03:  |  | *| R| *|  |  |  |  |  |
04:  |  |  | *|  |  | *|  | *|  |
05:  |  |  |  |  |  |  |  |  |  |
06: R|  | *| *|  | F|  |  |  |  |
07: R| R|  | F|  | *|  |  | *|  |
---------------------------------
Generation 74, red
---------------------------------
   00|01|02|03|04|05|06|07|08|09|
00:  |  |  |  | *|  |  |  |  |  |
01:  |  |  |  | *|  |  | *|  |  |
02:  |  | *| *|  |  | *|  |  |  |
03:  |  | *| R| *|  |  |  |  |  |
04:  |  |  | *|  |  | *|  | *|  |
05: R|  |  |  |  |  |  |  |  |  |
06:  |  | *| *|  | F|  |  |  |  |
07: R|  | F|  |  | *|  |  | *|  |
---------------------------------
Generation 74, black
---------------------------------
   00|01|02|03|04|05|06|07|08|09|
00:  |  |  |  | *|  |  |  |  |  |
01:  |  |  |  | *|  |  | *|  |  |
02:  |  | *| *|  |  | *|  |  |  |
03:  |  | *| R| *|  |  |  |  |  |
04:  |  |  | *|  |  | *|  | *|  |
05: R|  |  |  |  |  |  |  |  |  |
06: R|  | *| *| F|  |  |  |  |  |
07:  |  | F|  |  | *|  |  | *|  |
---------------------------------
Generation 75, red
---------------------------------
   00|01|02|03|04|05|06|07|08|09|
00:  |  |  |  | *|  |  |  |  |  |
01:  |  |  |  | *|  |  | *|  |  |
02:  |  | *| *|  |  | *|  |  |  |
03:  |  | *| R| *|  |  |  |  |  |
04:  |  |  | *|  |  | *|  | *|  |
05: R|  |  |  |  |  |  |  |  |  |
06:  | R| *| *|  | F|  |  |  |  |
07:  |  | F|  |  | *|  |  | *|  |
---------------------------------
Generation 75, black
---------------------------------
   00|01|02|03|04|05|06|07|08|09|
00:  |  |  |  | *|  |  |  |  |  |
01:  |  |  |  | *|  |  | *|  |  |
02:  |  | *| *|  |  | *|  |  |  |
03:  |  | *| R| *|  |  |  |  |  |
04:  |  |  | *|  |  | *|  | *|  |
05:  |  |  |  |  |  |  |  |  |  |
06: R| R| *| *|  |  |  |  |  |  |
07:  |  |  | F|  | *|  |  | *|  |
---------------------------------
Generation 76, red
---------------------------------
   00|01|02|03|04|05|06|07|08|09|
00:  |  |  |  | *|  |  |  |  |  |
01:  |  |  |  | *|  |  | *|  |  |
02:  |  | *| *|  |  | *|  |  |  |
03:  |  | *| R| *|  |  |  |  |  |
04:  |  |  | *|  |  | *|  | *|  |
05: R|  |  |  |  |  |  |  |  |  |
06: R| R| *| *|  |  |  |  |  |  |
07:  |  | F|  |  | *|  |  | *|  |
---------------------------------
Generation 76, black
---------------------------------
   00|01|02|03|04|05|06|07|08|09|
00:  |  |  |  | *|  |  |  |  |  |
01:  |  |  |  | *|  |  | *|  |  |
02:  |  | *| *|  |  | *|  |  |  |
03:  |  | *| R| *|  |  |  |  |  |
04:  |  |  | *|  |  | *|  | *|  |
05: R|  |  |  |  |  |  |  |  |  |
06: R| R| *| *|  |  |  |  |  |  |
07:  | R| F|  |  | *|  |  | *|  |
---------------------------------
Generation 77, red
---------------------------------
   00|01|02|03|04|05|06|07|08|09|
00:  |  |  |  | *|  |  |  |  |  |
01:  |  |  |  | *|  |  | *|  |  |
02:  |  | *| *|  |  | *|  |  |  |
03:  |  | *| R| *|  |  |  |  |  |
04:  |  |  | *|  |  | *|  | *|  |
05: R|  |  |  |  |  |  |  |  |  |
06:  | R| *| *|  |  |  |  |  |  |
07: R|  | F|  |  | *|  |  | *|  |
---------------------------------
Generation 77, black
---------------------------------
   00|01|02|03|04|05|06|07|08|09|
00:  |  |  |  | *|  |  |  |  |  |
01:  |  |  |  | *|  |  | *|  |  |
02:  |  | *| *|  |  | *|  |  |  |
03:  |  | *| R| *|  |  |  |  |  |
04:  |  |  | *|  |  | *|  | *|  |
05:  |  |  |  |  |  |  |  |  |  |
06: R|  | *| *|  |  |  |  |  |  |
07: R| R|  | F|  | *|  |  | *|  |
---------------------------------
Generation 78, red
---------------------------------
   00|01|02|03|04|05|06|07|08|09|
00:  |  |  |  | *|  |  |  |  |  |
01:  |  |  |  | *|  |  | *|  |  |
02:  |  | *| *|  |  | *|  |  |  |
03:  |  | *| R| *|  |  |  |  |  |
04:  |  |  | *|  |  | *|  | *|  |
05: R|  |  |  |  |  |  |  |  |  |
06:  |  | *| *|  |  |  |  |  |  |
07: R|  | F|  |  | *|  |  | *|  |
---------------------------------
Generation 78, black
---------------------------------
   00|01|02|03|04|05|06|07|08|09|
00:  |  |  |  | *|  |  |  |  |  |
01:  |  |  |  | *|  |  | *|  |  |
02:  |  | *| *|  |  | *|  |  |  |
03:  |  | *| R| *|  |  |  |  |  |
04:  |  |  | *|  |  | *|  | *|  |
05: R|  |  |  |  |  |  |  |  |  |
06: R|  | *| *|  |  |  |  |  |  |
07:  |  | F|  |  | *|  |  | *|  |
---------------------------------
Generation 79, red
---------------------------------
   00|01|02|03|04|05|06|07|08|09|
00:  |  |  |  | *|  |  |  |  |  |
01:  |  |  |  | *|  |  | *|  |  |
02:  |  | *| *|  |  | *|  |  |  |
03:  |  | *| R| *|  |  |  |  |  |
04:  |  |  | *|  |  | *|  | *|  |
05: R|  |  |  |  |  |  |  |  |  |
06:  | R| *| *|  |  |  |  |  |  |
07:  |  | F|  |  | *|  |  | *|  |
---------------------------------
Generation 79, black
---------------------------------
   00|01|02|03|04|05|06|07|08|09|
00:  |  |  |  | *|  |  |  |  |  |
01:  |  |  |  | *|  |  | *|  |  |
02:  |  | *| *|  |  | *|  |  |  |
03:  |  | *| R| *|  |  |  |  |  |
04:  |  |  | *|  |  | *|  | *|  |
05:  |  |  |  |  |  |  |  |  |  |
06: R| R| *| *|  |  |  |  |  |  |
07:  |  |  | F|  | *|  |  | *|  |
---------------------------------
Generation 80, red
---------------------------------
   00|01|02|03|04|05|06|07|08|09|
00:  |  |  |  | *|  |  |  |  |  |
01:  |  |  |  | *|  |  | *|  |  |
02:  |  | *| *|  |  | *|  |  |  |
03:  |  | *| R| *|  |  |  |  |  |
04:  |  |  | *|  |  | *|  | *|  |
05: R|  |  |  |  |  |  |  |  |  |
06: R| R| *| *|  |  |  |  |  |  |
07:  |  | F| F|  | *|  |  | *|  |
---------------------------------
Generation 80, black
---------------------------------
   00|01|02|03|04|05|06|07|08|09|
00:  |  |  |  | *|  |  |  |  |  |
01:  |  |  |  | *|  |  | *|  |  |
02:  |  | *| *|  |  | *|  |  |  |
03:  |  | *| R| *|  |  |  |  |  |
04:  |  |  | *|  |  | *|  | *|  |
05: R|  |  |  |  |  |  |  |  |  |
06: R| R| *| *|  |  |  |  |  |  |
07:  | R| F| F|  | *|  |  | *|  |
---------------------------------
Generation 81, red
---------------------------------
   00|01|02|03|04|05|06|07|08|09|
00:  |  |  |  | *|  |  |  |  |  |
01:  |  |  |  | *|  |  | *|  |  |
02:  |  | *| *|  |  | *|  |  |  |
03:  |  | *| R| *|  |  |  |  |  |
04:  |  |  | *|  |  | *|  | *|  |
05: R|  |  |  |  |  |  |  |  |  |
06:  | R| *| *|  |  |  |  |  |  |
07: R|  | F|  | F| *|  |  | *|  |
---------------------------------
Generation 81, black
---------------------------------
   00|01|02|03|04|05|06|07|08|09|
00:  |  |  |  | *|  |  |  |  |  |
01:  |  |  |  | *|  |  | *|  |  |
02:  |  | *| *|  |  | *|  |  |  |
03:  |  | *| R| *|  |  |  |  |  |
04:  |  |  | *|  |  | *|  | *|  |
05:  |  |  |  |  |  |  |  |  |  |
06: R|  | *| *|  |  |  |  |  |  |
07: R| R|  | F| F| *|  |  | *|  |
---------------------------------
Generation 82, red
---------------------------------
   00|01|02|03|04|05|06|07|08|09|
00:  |  |  |  | *|  |  |  |  |  |
01:  |  |  |  | *|  |  | *|  |  |
02:  |  | *| *|  |  | *|  |  |  |
03:  |  | *| R| *|  |  |  |  |  |
04:  |  |  | *|  |  | *|  | *|  |
05: R|  |  |  |  |  |  |  |  |  |
06:  |  | *| *|  |  |  |  |  |  |
07: R|  | F|  | F| *|  |  | *|  |
---------------------------------
Generation 82, black
---------------------------------
   00|01|02|03|04|05|06|07|08|09|
00:  |  |  |  | *|  |  |  |  |  |
01:  |  |  |  | *|  |  | *|  |  |
02:  |  | *| *|  |  | *|  |  |  |
03:  |  | *| R| *|  |  |  |  |  |
04:  |  |  | *|  |  | *|  | *|  |
05: R|  |  |  |  |  |  |  |  |  |
06: R|  | *| *| F|  |  |  |  |  |
07:  |  | F|  |  | *|  |  | *|  |
---------------------------------
Generation 83, red
---------------------------------
   00|01|02|03|04|05|06|07|08|09|
00:  |  |  |  | *|  |  |  |  |  |
01:  |  |  |  | *|  |  | *|  |  |
02:  |  | *| *|  |  | *|  |  |  |
03:  |  | *| R| *|  |  |  |  |  |
04:  |  |  | *|  |  | *|  | *|  |
05: R|  |  |  |  |  |  |  |  |  |
06:  | R| *| *|  | F|  |  |  |  |
07:  |  | F|  |  | *|  |  | *|  |
---------------------------------
Generation 83, black
---------------------------------
   00|01|02|03|04|05|06|07|08|09|
00:  |  |  |  | *|  |  |  |  |  |
01:  |  |  |  | *|  |  | *|  |  |
02:  |  | *| *|  |  | *|  |  |  |
03:  |  | *| R| *|  |  |  |  |  |
04:  |  |  | *|  |  | *|  | *|  |
05:  |  |  |  |  |  |  |  |  |  |
06: R| R| *| *|  | F|  |  |  |  |
07:  |  |  | F|  | *|  |  | *|  |
---------------------------------
Generation 84, red
---------------------------------
   00|01|02|03|04|05|06|07|08|09|
00:  |  |  |  | *|  |  |  |  |  |
01:  |  |  |  | *|  |  | *|  |  |
02:  |  | *| *|  |  | *|  |  |  |
03:  |  | *| R| *|  |  |  |  |  |
04:  |  |  | *|  |  | *|  | *|  |
05: R|  |  |  |  |  |  |  |  |  |
06: R| R| *| *|  | F|  |  |  |  |
07:  |  | F|  |  | *|  |  | *|  |
---------------------------------
Generation 84, black
---------------------------------
   00|01|02|03|04|05|06|07|08|09|
00:  |  |  |  | *|  |  |  |  |  |
01:  |  |  |  | *|  |  | *|  |  |
02:  |  | *| *|  |  | *|  |  |  |
03:  |  | *| R| *|  |  |  |  |  |
04:  |  |  | *|  |  | *|  | *|  |
05: R|  |  |  |  |  |  |  |  |  |
06: R| R| *| *| F|  |  |  |  |  |
07:  | R| F|  |  | *|  |  | *|  |
---------------------------------
Generation 85, red
---------------------------------
   00|01|02|03|04|05|06|07|08|09|
00:  |  |  |  | *|  |  |  |  |  |
01:  |  |  |  | *|  |  | *|  |  |
02:  |  | *| *|  |  | *|  |  |  |
03:  |  | *| R| *|  |  |  |  |  |
04:  |  |  | *|  |  | *|  | *|  |
05: R|  |  |  |  |  |  |  |  |  |
06:  | R| *| *|  | F|  |  |  |  |
07: R|  | F|  |  | *|  |  | *|  |
---------------------------------
Generation 85, black
---------------------------------
   00|01|02|03|04|05|06|07|08|09|
00:  |  |  |  | *|  |  |  |  |  |
01:  |  |  |  | *|  |  | *|  |  |
02:  |  | *| *|  |  | *|  |  |  |
03:  |  | *| R| *|  |  |  |  |  |
04:  |  |  | *|  |  | *|  | *|  |
05:  |  |  |  |  |  |  |  |  |  |
06: R|  | *| *|  |  |  |  |  |  |
07: R| R|  | F|  | *|  |  | *|  |
---------------------------------
Generation 86, red
---------------------------------
   00|01|02|03|04|05|06|07|08|09|
00:  |  |  |  | *|  |  |  |  |  |
01:  |  |  |  | *|  |  | *|  |  |
02:  |  | *| *|  |  | *|  |  |  |
03:  |  | *| R| *|  |  |  |  |  |
04:  |  |  | *|  |  | *|  | *|  |
05: R|  |  |  |  |  |  |  |  |  |
06:  |  | *| *|  |  |  |  |  |  |
07: R|  | F|  |  | *|  |  | *|  |
---------------------------------
Generation 86, black
---------------------------------
   00|01|02|03|04|05|06|07|08|09|
00:  |  |  |  | *|  |  |  |  |  |
01:  |  |  |  | *|  |  | *|  |  |
02:  |  | *| *|  |  | *|  |  |  |
03:  |  | *| R| *|  |  |  |  |  |
04:  |  |  | *|  |  | *|  | *|  |
05: R|  |  |  |  |  |  |  |  |  |
06: R|  | *| *|  |  |  |  |  |  |
07:  |  | F|  |  | *|  |  | *|  |
---------------------------------
Generation 87, red
---------------------------------
   00|01|02|03|04|05|06|07|08|09|
00:  |  |  |  | *|  |  |  |  |  |
01:  |  |  |  | *|  |  | *|  |  |
02:  |  | *| *|  |  | *|  |  |  |
03:  |  | *| R| *|  |  |  |  |  |
04:  |  |  | *|  |  | *|  | *|  |
05: R|  |  |  |  |  |  |  |  |  |
06:  | R| *| *|  |  |  |  |  |  |
07:  |  | F|  |  | *|  |  | *|  |
---------------------------------
Generation 87, black
---------------------------------
   00|01|02|03|04|05|06|07|08|09|
00:  |  |  |  | *|  |  |  |  |  |
01:  |  |  |  | *|  |  | *|  |  |
02:  |  | *| *|  |  | *|  |  |  |
03:  |  | *| R| *|  |  |  |  |  |
04:  |  |  | *|  |  | *|  | *|  |
05:  |  |  |  |  |  |  |  |  |  |
06: R| R| *| *|  |  |  |  |  |  |
07:  |  |  | F|  | *|  |  | *|  |
---------------------------------
Generation 88, red
---------------------------------
   00|01|02|03|04|05|06|07|08|09|
00:  |  |  |  | *|  |  |  |  |  |
01:  |  |  |  | *|  |  | *|  |  |
02:  |  | *| *|  |  | *|  |  |  |
03:  |  | *| R| *|  |  |  |  |  |
04:  |  |  | *|  |  | *|  | *|  |
05: R|  |  |  |  |  |  |  |  |  |
06: R| R| *| *|  |  |  |  |  |  |
07:  |  | F|  |  | *|  |  | *|  |
---------------------------------
Generation 88, black
---------------------------------
   00|01|02|03|04|05|06|07|08|09|
00:  |  |  |  | *|  |  |  |  |  |
01:  |  |  |  | *|  |  | *|  |  |
02:  |  | *| *|  |  | *|  |  |  |
03:  |  | *| R| *|  |  |  |  |  |
04:  |  |  | *|  |  | *|  | *|  |
05: R|  |  |  |  |  |  |  |  |  |
06: R| R| *| *|  |  |  |  |  |  |
07:  | R| F|  |  | *|  |  | *|  |
---------------------------------
Generation 89, red
---------------------------------
   00|01|02|03|04|05|06|07|08|09|
00:  |  |  |  | *|  |  |  |  |  |
01:  |  |  |  | *|  |  | *|  |  |
02:  |  | *| *|  |  | *|  |  |  |
03:  |  | *| R| *|  |  |  |  |  |
04:  |  |  | *|  |  | *|  | *|  |
05: R|  |  |  |  |  |  |  |  |  |
06:  | R| *| *|  |  |  |  |  |  |
07: R|  | F|  |  | *|  |  | *|  |
---------------------------------
Generation 89, black
---------------------------------
   00|01|02|03|04|05|06|07|08|09|
00:  |  |  |  | *|  |  |  |  |  |
01:  |  |  |  | *|  |  | *|  |  |
02:  |  | *| *|  |  | *|  |  |  |
03:  |  | *| R| *|  |  |  |  |  |
04:  |  |  | *|  |  | *|  | *|  |
05:  |  |  |  |  |  |  |  |  |  |
06: R|  | *| *|  |  |  |  |  |  |
07: R| R|  | F|  | *|  |  | *|  |
---------------------------------
Generation 90, red
---------------------------------
   00|01|02|03|04|05|06|07|08|09|
00:  |  |  |  | *|  |  |  |  |  |
01:  |  |  |  | *|  |  | *|  |  |
02:  |  | *| *|  |  | *|  |  |  |
03:  |  | *| R| *|  |  |  |  |  |
04:  |  |  | *|  |  | *|  | *|  |
05: R|  |  |  |  |  |  |  |  |  |
06:  |  | *| *|  |  |  |  |  |  |
07: R|  | F| F|  | *|  |  | *|  |
---------------------------------
Generation 90, black
---------------------------------
   00|01|02|03|04|05|06|07|08|09|
00:  |  |  |  | *|  |  |  |  |  |
01:  |  |  |  | *|  |  | *|  |  |
02:  |  | *| *|  |  | *|  |  |  |
03:  |  | *| R| *|  |  |  |  |  |
04:  |  |  | *|  |  | *|  | *|  |
05: R|  |  |  |  |  |  |  |  |  |
06: R|  | *| *|  |  |  |  |  |  |
07:  |  | F| F|  | *|  |  | *|  |
---------------------------------
Generation 91, red
---------------------------------
   00|01|02|03|04|05|06|07|08|09|
00:  |  |  |  | *|  |  |  |  |  |
01:  |  |  |  | *|  |  | *|  |  |
02:  |  | *| *|  |  | *|  |  |  |
03:  |  | *| R| *|  |  |  |  |  |
04:  |  |  | *|  |  | *|  | *|  |
05: R|  |  |  |  |  |  |  |  |  |
06:  | R| *| *|  |  |  |  |  |  |
07:  |  | F|  | F| *|  |  | *|  |
---------------------------------
Generation 91, black
---------------------------------
   00|01|02|03|04|05|06|07|08|09|
00:  |  |  |  | *|  |  |  |  |  |
01:  |  |  |  | *|  |  | *|  |  |
02:  |  | *| *|  |  | *|  |  |  |
03:  |  | *| R| *|  |  |  |  |  |
04:  |  |  | *|  |  | *|  | *|  |
05:  |  |  |  |  |  |  |  |  |  |
06: R| R| *| *|  |  |  |  |  |  |
07:  |  |  | F| F| *|  |  | *|  |
---------------------------------
Generation 92, red
---------------------------------
   00|01|02|03|04|05|06|07|08|09|
00:  |  |  |  | *|  |  |  |  |  |
01:  |  |  |  | *|  |  | *|  |  |
02:  |  | *| *|  |  | *|  |  |  |
03:  |  | *| R| *|  |  |  |  |  |
04:  |  |  | *|  |  | *|  | *|  |
05: R|  |  |  |  |  |  |  |  |  |
06: R| R| *| *|  |  |  |  |  |  |
07:  |  | F|  | F| *|  |  | *|  |
---------------------------------
Generation 92, black
---------------------------------
   00|01|02|03|04|05|06|07|08|09|
00:  |  |  |  | *|  |  |  |  |  |
01:  |  |  |  | *|  |  | *|  |  |
02:  |  | *| *|  |  | *|  |  |  |
03:  |  | *| R| *|  |  |  |  |  |
04:  |  |  | *|  |  | *|  | *|  |
05: R|  |  |  |  |  |  |  |  |  |
06: R| R| *| *| F|  |  |  |  |  |
07:  | R| F|  |  | *|  |  | *|  |
---------------------------------
Generation 93, red
---------------------------------
   00|01|02|03|04|05|06|07|08|09|
00:  |  |  |  | *|  |  |  |  |  |
01:  |  |  |  | *|  |  | *|  |  |
02:  |  | *| *|  |  | *|  |  |  |
03:  |  | *| R| *|  |  |  |  |  |
04:  |  |  | *|  |  | *|  | *|  |
05: R|  |  |  |  |  |  |  |  |  |
06:  | R| *| *|  | F|  |  |  |  |
07: R|  | F|  |  | *|  |  | *|  |
---------------------------------
Generation 93, black
---------------------------------
   00|01|02|03|04|05|06|07|08|09|
00:  |  |  |  | *|  |  |  |  |  |
01:  |  |  |  | *|  |  | *|  |  |
02:  |  | *| *|  |  | *|  |  |  |
03:  |  | *| R| *|  |  |  |  |  |
04:  |  |  | *|  |  | *|  | *|  |
05:  |  |  |  |  |  |  |  |  |  |
06: R|  | *| *|  | F|  |  |  |  |
07: R| R|  | F|  | *|  |  | *|  |
---------------------------------
Generation 94, red
---------------------------------
   00|01|02|03|04|05|06|07|08|09|
00:  |  |  |  | *|  |  |  |  |  |
01:  |  |  |  | *|  |  | *|  |  |
02:  |  | *| *|  |  | *|  |  |  |
03:  |  | *| R| *|  |  |  |  |  |
04:  |  |  | *|  |  | *|  | *|  |
05: R|  |  |  |  |  |  |  |  |  |
06:  |  | *| *|  | F|  |  |  |  |
07: R|  | F|  |  | *|  |  | *|  |
---------------------------------
Generation 94, black
---------------------------------
   00|01|02|03|04|05|06|07|08|09|
00:  |  |  |  | *|  |  |  |  |  |
01:  |  |  |  | *|  |  | *|  |  |
02:  |  | *| *|  |  | *|  |  |  |
03:  |  | *| R| *|  |  |  |  |  |
04:  |  |  | *|  |  | *|  | *|  |
05: R|  |  |  |  |  |  |  |  |  |
06: R|  | *| *| F|  |  |  |  |  |
07:  |  | F|  |  | *|  |  | *|  |
---------------------------------
Generation 95, red
---------------------------------
   00|01|02|03|04|05|06|07|08|09|
00:  |  |  |  | *|  |  |  |  |  |
01:  |  |  |  | *|  |  | *|  |  |
02:  |  | *| *|  |  | *|  |  |  |
03:  |  | *| R| *|  |  |  |  |  |
04:  |  |  | *|  |  | *|  | *|  |
05: R|  |  |  |  |  |  |  |  |  |
06:  | R| *| *|  | F|  |  |  |  |
07:  |  | F|  |  | *|  |  | *|  |
---------------------------------
Generation 95, black
---------------------------------
   00|01|02|03|04|05|06|07|08|09|
00:  |  |  |  | *|  |  |  |  |  |
01:  |  |  |  | *|  |  | *|  |  |
02:  |  | *| *|  |  | *|  |  |  |
03:  |  | *| R| *|  |  |  |  |  |
04:  |  |  | *|  |  | *|  | *|  |
05:  |  |  |  |  |  |  |  |  |  |
06: R| R| *| *|  |  |  |  |  |  |
07:  |  |  | F|  | *|  |  | *|  |
---------------------------------
Generation 96, red
---------------------------------
   00|01|02|03|04|05|06|07|08|09|
00:  |  |  |  | *|  |  |  |  |  |
01:  |  |  |  | *|  |  | *|  |  |
02:  |  | *| *|  |  | *|  |  |  |
03:  |  | *| R| *|  |  |  |  |  |
04:  |  |  | *|  |  | *|  | *|  |
05: R|  |  |  |  |  |  |  |  |  |
06: R| R| *| *|  |  |  |  |  |  |
07:  |  | F|  |  | *|  |  | *|  |
---------------------------------
Generation 96, black
---------------------------------
   00|01|02|03|04|05|06|07|08|09|
00:  |  |  |  | *|  |  |  |  |  |
01:  |  |  |  | *|  |  | *|  |  |
02:  |  | *| *|  |  | *|  |  |  |
03:  |  | *| R| *|  |  |  |  |  |
04:  |  |  | *|  |  | *|  | *|  |
05: R|  |  |  |  |  |  |  |  |  |
06: R| R| *| *|  |  |  |  |  |  |
07:  | R| F|  |  | *|  |  | *|  |
---------------------------------
Generation 97, red
---------------------------------
   00|01|02|03|04|05|06|07|08|09|
00:  |  |  |  | *|  |  |  |  |  |
01:  |  |  |  | *|  |  | *|  |  |
02:  |  | *| *|  |  | *|  |  |  |
03:  |  | *| R| *|  |  |  |  |  |
04:  |  |  | *|  |  | *|  | *|  |
05: R|  |  |  |  |  |  |  |  |  |
06:  | R| *| *|  |  |  |  |  |  |
07: R|  | F|  |  | *|  |  | *|  |
---------------------------------
Generation 97, black
---------------------------------
   00|01|02|03|04|05|06|07|08|09|
00:  |  |  |  | *|  |  |  |  |  |
01:  |  |  |  | *|  |  | *|  |  |
02:  |  | *| *|  |  | *|  |  |  |
03:  |  | *| R| *|  |  |  |  |  |
04:  |  |  | *|  |  | *|  | *|  |
05:  |  |  |  |  |  |  |  |  |  |
06: R|  | *| *|  |  |  |  |  |  |
07: R| R|  | F|  | *|  |  | *|  |
---------------------------------
Generation 98, red
---------------------------------
   00|01|02|03|04|05|06|07|08|09|
00:  |  |  |  | *|  |  |  |  |  |
01:  |  |  |  | *|  |  | *|  |  |
02:  |  | *| *|  |  | *|  |  |  |
03:  |  | *| R| *|  |  |  |  |  |
04:  |  |  | *|  |  | *|  | *|  |
05: R|  |  |  |  |  |  |  |  |  |
06:  |  | *| *|  |  |  |  |  |  |
07: R|  | F|  |  | *|  |  | *|  |
---------------------------------
Generation 98, black
---------------------------------
   00|01|02|03|04|05|06|07|08|09|
00:  |  |  |  | *|  |  |  |  |  |
01:  |  |  |  | *|  |  | *|  |  |
02:  |  | *| *|  |  | *|  |  |  |
03:  |  | *| R| *|  |  |  |  |  |
04:  |  |  | *|  |  | *|  | *|  |
05: R|  |  |  |  |  |  |  |  |  |
06: R|  | *| *|  |  |  |  |  |  |
07:  |  | F|  |  | *|  |  | *|  |
---------------------------------
Generation 99, red
---------------------------------
   00|01|02|03|04|05|06|07|08|09|
00:  |  |  |  | *|  |  |  |  |  |
01:  |  |  |  | *|  |  | *|  |  |
02:  |  | *| *|  |  | *|  |  |  |
03:  |  | *| R| *|  |  |  |  |  |
04:  |  |  | *|  |  | *|  | *|  |
05: R|  |  |  |  |  |  |  |  |  |
06:  | R| *| *|  |  |  |  |  |  |
07:  |  | F|  |  | *|  |  | *|  |
---------------------------------
Generation 99, black
---------------------------------
   00|01|02|03|04|05|06|07|08|09|
00:  |  |  |  | *|  |  |  |  |  |
01:  |  |  |  | *|  |  | *|  |  |
02:  |  | *| *|  |  | *|  |  |  |
03:  |  | *| R| *|  |  |  |  |  |
04:  |  |  | *|  |  | *|  | *|  |
05:  |  |  |  |  |  |  |  |  |  |
06: R| R| *| *|  |  |  |  |  |  |
07:  |  |  | F|  | *|  |  | *|  |
---------------------------------
Generation 100, red
---------------------------------
   00|01|02|03|04|05|06|07|08|09|
00:  |  |  |  | *|  |  |  |  |  |
01:  |  |  |  | *|  |  | *|  |  |
02:  |  | *| *|  |  | *|  |  |  |
03:  |  | *| R| *|  |  |  |  |  |
04:  |  |  | *|  |  | *|  | *|  |
05: R|  |  |  |  |  |  |  |  |  |
06: R| R| *| *|  |  |  |  |  |  |
07:  |  | F| F|  | *|  |  | *|  |
---------------------------------
Generation 100, black
---------------------------------
   00|01|02|03|04|05|06|07|08|09|
00:  |  |  |  | *|  |  |  |  |  |
01:  |  |  |  | *|  |  | *|  |  |
02:  |  | *| *|  |  | *|  |  |  |
03:  |  | *| R| *|  |  |  |  |  |
04:  |  |  | *|  |  | *|  | *|  |
05: R|  |  |  |  |  |  |  |  |  |
06: R| R| *| *|  |  |  |  |  |  |
07:  | R| F| F|  | *|  |  | *|  |
---------------------------------
15 5 2
